<?xml version="1.0" encoding="utf-8" standalone="no"?>
<test-results xmlns:xsi="http://www.w3.org/2001/XMLSchema-instance" xsi:noNamespaceSchemaLocation="nunit_schema_2.5.xsd" name="Pester" total="355" errors="0" failures="1" not-run="0" inconclusive="0" ignored="0" skipped="9" invalid="0" date="2021-08-24" time="18:48:22">
  <environment clr-version="Unknown" user-domain="LUPA" platform="Microsoft Windows 10 Pro|C:\WINDOWS|\Device\Harddisk0\Partition3" cwd="C:\Users\darin\repo\ashdar\ScienceOven\tests" user="darin" nunit-version="2.5.8.0" machine-name="LUPA" os-version="10.0.19043" />
  <culture-info current-culture="en-US" current-uiculture="en-US" />
  <test-suite type="TestFixture" name="Pester" executed="True" result="Failure" success="False" time="37.838" asserts="0" description="Pester">
    <results>
      <test-suite type="TestFixture" name="C:\Users\darin\repo\ashdar\ScienceOven\tests\Get-Computer.Tests.ps1" executed="True" result="Failure" success="False" time="25.2109" asserts="0" description="C:\Users\darin\repo\ashdar\ScienceOven\tests\Get-Computer.Tests.ps1">
        <results>
          <test-suite type="TestFixture" name="General Test ScienceOven" executed="True" result="Failure" success="False" time="24.9834" asserts="0" description="General Test ScienceOven">
            <results>
              <test-suite type="TestFixture" name="General Test ScienceOven.Function Get-ComputerEventLog" executed="True" result="Success" success="True" time="0.3326" asserts="0" description="General Test ScienceOven.Function Get-ComputerEventLog">
                <results>
                  <test-suite type="ParameterizedTest" name="General Test ScienceOven.&lt;_.CommandType&gt; &lt;_.Name&gt;.Returns some/any output for &lt;Computer&gt;" executed="True" result="Success" success="True" time="0.2592" asserts="0" description="Returns some/any output for &lt;Computer&gt;">
                    <results>
                      <test-case description="Returns some/any output for localhost" name="General Test ScienceOven.Function Get-ComputerEventLog.Returns some/any output for localhost" time="0.2592" asserts="0" success="True" result="Success" executed="True" />
                    </results>
                  </test-suite>
                </results>
              </test-suite>
              <test-suite type="TestFixture" name="General Test ScienceOven.Function Get-ComputerIPV4Route" executed="True" result="Success" success="True" time="0.6047" asserts="0" description="General Test ScienceOven.Function Get-ComputerIPV4Route">
                <results>
                  <test-suite type="ParameterizedTest" name="General Test ScienceOven.&lt;_.CommandType&gt; &lt;_.Name&gt;.Returns some/any output for &lt;Computer&gt;" executed="True" result="Success" success="True" time="0.2021" asserts="0" description="Returns some/any output for &lt;Computer&gt;">
                    <results>
                      <test-case description="Returns some/any output for localhost" name="General Test ScienceOven.Function Get-ComputerIPV4Route.Returns some/any output for localhost" time="0.2021" asserts="0" success="True" result="Success" executed="True" />
                    </results>
                  </test-suite>
                </results>
              </test-suite>
              <test-suite type="TestFixture" name="General Test ScienceOven.Function Get-ComputerLocalGroup" executed="True" result="Success" success="True" time="0.8515" asserts="0" description="General Test ScienceOven.Function Get-ComputerLocalGroup">
                <results>
                  <test-suite type="ParameterizedTest" name="General Test ScienceOven.&lt;_.CommandType&gt; &lt;_.Name&gt;.Returns some/any output for &lt;Computer&gt;" executed="True" result="Success" success="True" time="0.1867" asserts="0" description="Returns some/any output for &lt;Computer&gt;">
                    <results>
                      <test-case description="Returns some/any output for localhost" name="General Test ScienceOven.Function Get-ComputerLocalGroup.Returns some/any output for localhost" time="0.1867" asserts="0" success="True" result="Success" executed="True" />
                    </results>
                  </test-suite>
                </results>
              </test-suite>
              <test-suite type="TestFixture" name="General Test ScienceOven.Function Get-ComputerLocalUser" executed="True" result="Success" success="True" time="1.089" asserts="0" description="General Test ScienceOven.Function Get-ComputerLocalUser">
                <results>
                  <test-suite type="ParameterizedTest" name="General Test ScienceOven.&lt;_.CommandType&gt; &lt;_.Name&gt;.Returns some/any output for &lt;Computer&gt;" executed="True" result="Success" success="True" time="0.162" asserts="0" description="Returns some/any output for &lt;Computer&gt;">
                    <results>
                      <test-case description="Returns some/any output for localhost" name="General Test ScienceOven.Function Get-ComputerLocalUser.Returns some/any output for localhost" time="0.162" asserts="0" success="True" result="Success" executed="True" />
                    </results>
                  </test-suite>
                </results>
              </test-suite>
              <test-suite type="TestFixture" name="General Test ScienceOven.Function Get-ComputerNetworkAdapter" executed="True" result="Success" success="True" time="1.4107" asserts="0" description="General Test ScienceOven.Function Get-ComputerNetworkAdapter">
                <results>
                  <test-suite type="ParameterizedTest" name="General Test ScienceOven.&lt;_.CommandType&gt; &lt;_.Name&gt;.Returns some/any output for &lt;Computer&gt;" executed="True" result="Success" success="True" time="0.2484" asserts="0" description="Returns some/any output for &lt;Computer&gt;">
                    <results>
                      <test-case description="Returns some/any output for localhost" name="General Test ScienceOven.Function Get-ComputerNetworkAdapter.Returns some/any output for localhost" time="0.2484" asserts="0" success="True" result="Success" executed="True" />
                    </results>
                  </test-suite>
                </results>
              </test-suite>
              <test-suite type="TestFixture" name="General Test ScienceOven.Function Get-ComputerOpticalDrive" executed="True" result="Ignored" success="True" time="1.5204" asserts="0" description="General Test ScienceOven.Function Get-ComputerOpticalDrive">
                <results>
                  <test-suite type="ParameterizedTest" name="General Test ScienceOven.&lt;_.CommandType&gt; &lt;_.Name&gt;.Returns some/any output for &lt;Computer&gt;" executed="True" result="Ignored" success="True" time="0.0129" asserts="0" description="Returns some/any output for &lt;Computer&gt;">
                    <results>
                      <test-case description="Returns some/any output for localhost" name="General Test ScienceOven.Function Get-ComputerOpticalDrive.Returns some/any output for localhost" time="0.0129" asserts="0" success="False" result="Ignored" executed="False" />
                    </results>
                  </test-suite>
                </results>
              </test-suite>
              <test-suite type="TestFixture" name="General Test ScienceOven.Function Get-ComputerOverview" executed="True" result="Success" success="True" time="3.2271" asserts="0" description="General Test ScienceOven.Function Get-ComputerOverview">
                <results>
                  <test-suite type="ParameterizedTest" name="General Test ScienceOven.&lt;_.CommandType&gt; &lt;_.Name&gt;.Returns some/any output for &lt;Computer&gt;" executed="True" result="Success" success="True" time="1.6314" asserts="0" description="Returns some/any output for &lt;Computer&gt;">
                    <results>
                      <test-case description="Returns some/any output for localhost" name="General Test ScienceOven.Function Get-ComputerOverview.Returns some/any output for localhost" time="1.6314" asserts="0" success="True" result="Success" executed="True" />
                    </results>
                  </test-suite>
                </results>
              </test-suite>
              <test-suite type="TestFixture" name="General Test ScienceOven.Function Get-ComputerPageFile" executed="True" result="Success" success="True" time="3.4963" asserts="0" description="General Test ScienceOven.Function Get-ComputerPageFile">
                <results>
                  <test-suite type="ParameterizedTest" name="General Test ScienceOven.&lt;_.CommandType&gt; &lt;_.Name&gt;.Returns some/any output for &lt;Computer&gt;" executed="True" result="Success" success="True" time="0.1995" asserts="0" description="Returns some/any output for &lt;Computer&gt;">
                    <results>
                      <test-case description="Returns some/any output for localhost" name="General Test ScienceOven.Function Get-ComputerPageFile.Returns some/any output for localhost" time="0.1995" asserts="0" success="True" result="Success" executed="True" />
                    </results>
                  </test-suite>
                </results>
              </test-suite>
              <test-suite type="TestFixture" name="General Test ScienceOven.Function Get-ComputerPatch" executed="True" result="Success" success="True" time="3.9922" asserts="0" description="General Test ScienceOven.Function Get-ComputerPatch">
                <results>
                  <test-suite type="ParameterizedTest" name="General Test ScienceOven.&lt;_.CommandType&gt; &lt;_.Name&gt;.Returns some/any output for &lt;Computer&gt;" executed="True" result="Success" success="True" time="0.4274" asserts="0" description="Returns some/any output for &lt;Computer&gt;">
                    <results>
                      <test-case description="Returns some/any output for localhost" name="General Test ScienceOven.Function Get-ComputerPatch.Returns some/any output for localhost" time="0.4274" asserts="0" success="True" result="Success" executed="True" />
                    </results>
                  </test-suite>
                </results>
              </test-suite>
              <test-suite type="TestFixture" name="General Test ScienceOven.Function Get-ComputerPhysicalMemory" executed="True" result="Success" success="True" time="4.2456" asserts="0" description="General Test ScienceOven.Function Get-ComputerPhysicalMemory">
                <results>
                  <test-suite type="ParameterizedTest" name="General Test ScienceOven.&lt;_.CommandType&gt; &lt;_.Name&gt;.Returns some/any output for &lt;Computer&gt;" executed="True" result="Success" success="True" time="0.1812" asserts="0" description="Returns some/any output for &lt;Computer&gt;">
                    <results>
                      <test-case description="Returns some/any output for localhost" name="General Test ScienceOven.Function Get-ComputerPhysicalMemory.Returns some/any output for localhost" time="0.1812" asserts="0" success="True" result="Success" executed="True" />
                    </results>
                  </test-suite>
                </results>
              </test-suite>
              <test-suite type="TestFixture" name="General Test ScienceOven.Function Get-ComputerPowerPlan" executed="True" result="Failure" success="False" time="4.5441" asserts="0" description="General Test ScienceOven.Function Get-ComputerPowerPlan">
                <results>
                  <test-suite type="ParameterizedTest" name="General Test ScienceOven.&lt;_.CommandType&gt; &lt;_.Name&gt;.Returns some/any output for &lt;Computer&gt;" executed="True" result="Failure" success="False" time="0.2276" asserts="0" description="Returns some/any output for &lt;Computer&gt;">
                    <results>
                      <test-case description="Returns some/any output for localhost" name="General Test ScienceOven.Function Get-ComputerPowerPlan.Returns some/any output for localhost" time="0.2276" asserts="0" success="False" result="Failure" executed="True">
                        <failure>
                          <message>CimException: The WS-Management service cannot process the request. The WMI service or the WMI provider returned an unknown error: HRESULT 0x80070668 </message>
                          <stack-trace>at Get-ComputerPowerPlan&lt;Process&gt;, C:\Users\darin\repo\ashdar\ScienceOven\Output\ScienceOven\0.0.1\Public\Get-ComputerPowerPlan.ps1:73
at &lt;ScriptBlock&gt;, &lt;No file&gt;:1
at &lt;ScriptBlock&gt;, C:\Users\darin\repo\ashdar\ScienceOven\tests\Get-Computer.Tests.ps1:50</stack-trace>
                        </failure>
                      </test-case>
                    </results>
                  </test-suite>
                </results>
              </test-suite>
              <test-suite type="TestFixture" name="General Test ScienceOven.Function Get-ComputerPrinter" executed="True" result="Success" success="True" time="4.9602" asserts="0" description="General Test ScienceOven.Function Get-ComputerPrinter">
                <results>
                  <test-suite type="ParameterizedTest" name="General Test ScienceOven.&lt;_.CommandType&gt; &lt;_.Name&gt;.Returns some/any output for &lt;Computer&gt;" executed="True" result="Success" success="True" time="0.349" asserts="0" description="Returns some/any output for &lt;Computer&gt;">
                    <results>
                      <test-case description="Returns some/any output for localhost" name="General Test ScienceOven.Function Get-ComputerPrinter.Returns some/any output for localhost" time="0.349" asserts="0" success="True" result="Success" executed="True" />
                    </results>
                  </test-suite>
                </results>
              </test-suite>
              <test-suite type="TestFixture" name="General Test ScienceOven.Function Get-ComputerProcess" executed="True" result="Success" success="True" time="5.3598" asserts="0" description="General Test ScienceOven.Function Get-ComputerProcess">
                <results>
                  <test-suite type="ParameterizedTest" name="General Test ScienceOven.&lt;_.CommandType&gt; &lt;_.Name&gt;.Returns some/any output for &lt;Computer&gt;" executed="True" result="Success" success="True" time="0.3247" asserts="0" description="Returns some/any output for &lt;Computer&gt;">
                    <results>
                      <test-case description="Returns some/any output for localhost" name="General Test ScienceOven.Function Get-ComputerProcess.Returns some/any output for localhost" time="0.3247" asserts="0" success="True" result="Success" executed="True" />
                    </results>
                  </test-suite>
                </results>
              </test-suite>
              <test-suite type="TestFixture" name="General Test ScienceOven.Function Get-ComputerProcessor" executed="True" result="Success" success="True" time="6.7143" asserts="0" description="General Test ScienceOven.Function Get-ComputerProcessor">
                <results>
                  <test-suite type="ParameterizedTest" name="General Test ScienceOven.&lt;_.CommandType&gt; &lt;_.Name&gt;.Returns some/any output for &lt;Computer&gt;" executed="True" result="Success" success="True" time="1.2838" asserts="0" description="Returns some/any output for &lt;Computer&gt;">
                    <results>
                      <test-case description="Returns some/any output for localhost" name="General Test ScienceOven.Function Get-ComputerProcessor.Returns some/any output for localhost" time="1.2838" asserts="0" success="True" result="Success" executed="True" />
                    </results>
                  </test-suite>
                </results>
              </test-suite>
              <test-suite type="TestFixture" name="General Test ScienceOven.Function Get-ComputerProduct" executed="True" result="Success" success="True" time="23.0932" asserts="0" description="General Test ScienceOven.Function Get-ComputerProduct">
                <results>
                  <test-suite type="ParameterizedTest" name="General Test ScienceOven.&lt;_.CommandType&gt; &lt;_.Name&gt;.Returns some/any output for &lt;Computer&gt;" executed="True" result="Success" success="True" time="16.3021" asserts="0" description="Returns some/any output for &lt;Computer&gt;">
                    <results>
                      <test-case description="Returns some/any output for localhost" name="General Test ScienceOven.Function Get-ComputerProduct.Returns some/any output for localhost" time="16.3021" asserts="0" success="True" result="Success" executed="True" />
                    </results>
                  </test-suite>
                </results>
              </test-suite>
              <test-suite type="TestFixture" name="General Test ScienceOven.Function Get-ComputerRegistry" executed="True" result="Success" success="True" time="23.3554" asserts="0" description="General Test ScienceOven.Function Get-ComputerRegistry">
                <results>
                  <test-suite type="ParameterizedTest" name="General Test ScienceOven.&lt;_.CommandType&gt; &lt;_.Name&gt;.Returns some/any output for &lt;Computer&gt;" executed="True" result="Success" success="True" time="0.1843" asserts="0" description="Returns some/any output for &lt;Computer&gt;">
                    <results>
                      <test-case description="Returns some/any output for localhost" name="General Test ScienceOven.Function Get-ComputerRegistry.Returns some/any output for localhost" time="0.1843" asserts="0" success="True" result="Success" executed="True" />
                    </results>
                  </test-suite>
                </results>
              </test-suite>
              <test-suite type="TestFixture" name="General Test ScienceOven.Function Get-ComputerService" executed="True" result="Success" success="True" time="23.97" asserts="0" description="General Test ScienceOven.Function Get-ComputerService">
                <results>
                  <test-suite type="ParameterizedTest" name="General Test ScienceOven.&lt;_.CommandType&gt; &lt;_.Name&gt;.Returns some/any output for &lt;Computer&gt;" executed="True" result="Success" success="True" time="0.5484" asserts="0" description="Returns some/any output for &lt;Computer&gt;">
                    <results>
                      <test-case description="Returns some/any output for localhost" name="General Test ScienceOven.Function Get-ComputerService.Returns some/any output for localhost" time="0.5484" asserts="0" success="True" result="Success" executed="True" />
                    </results>
                  </test-suite>
                </results>
              </test-suite>
              <test-suite type="TestFixture" name="General Test ScienceOven.Function Get-ComputerShare" executed="True" result="Success" success="True" time="24.2294" asserts="0" description="General Test ScienceOven.Function Get-ComputerShare">
                <results>
                  <test-suite type="ParameterizedTest" name="General Test ScienceOven.&lt;_.CommandType&gt; &lt;_.Name&gt;.Returns some/any output for &lt;Computer&gt;" executed="True" result="Success" success="True" time="0.1847" asserts="0" description="Returns some/any output for &lt;Computer&gt;">
                    <results>
                      <test-case description="Returns some/any output for localhost" name="General Test ScienceOven.Function Get-ComputerShare.Returns some/any output for localhost" time="0.1847" asserts="0" success="True" result="Success" executed="True" />
                    </results>
                  </test-suite>
                </results>
              </test-suite>
              <test-suite type="TestFixture" name="General Test ScienceOven.Function Get-ComputerStartupCommand" executed="True" result="Success" success="True" time="24.5148" asserts="0" description="General Test ScienceOven.Function Get-ComputerStartupCommand">
                <results>
                  <test-suite type="ParameterizedTest" name="General Test ScienceOven.&lt;_.CommandType&gt; &lt;_.Name&gt;.Returns some/any output for &lt;Computer&gt;" executed="True" result="Success" success="True" time="0.213" asserts="0" description="Returns some/any output for &lt;Computer&gt;">
                    <results>
                      <test-case description="Returns some/any output for localhost" name="General Test ScienceOven.Function Get-ComputerStartupCommand.Returns some/any output for localhost" time="0.213" asserts="0" success="True" result="Success" executed="True" />
                    </results>
                  </test-suite>
                </results>
              </test-suite>
              <test-suite type="TestFixture" name="General Test ScienceOven.Function Get-ComputerTapeDrive" executed="True" result="Ignored" success="True" time="24.6149" asserts="0" description="General Test ScienceOven.Function Get-ComputerTapeDrive">
                <results>
                  <test-suite type="ParameterizedTest" name="General Test ScienceOven.&lt;_.CommandType&gt; &lt;_.Name&gt;.Returns some/any output for &lt;Computer&gt;" executed="True" result="Ignored" success="True" time="0.0163" asserts="0" description="Returns some/any output for &lt;Computer&gt;">
                    <results>
                      <test-case description="Returns some/any output for localhost" name="General Test ScienceOven.Function Get-ComputerTapeDrive.Returns some/any output for localhost" time="0.0163" asserts="0" success="False" result="Ignored" executed="False" />
                    </results>
                  </test-suite>
                </results>
              </test-suite>
              <test-suite type="TestFixture" name="General Test ScienceOven.Function Get-ComputerVideoAdapter" executed="True" result="Success" success="True" time="24.908" asserts="0" description="General Test ScienceOven.Function Get-ComputerVideoAdapter">
                <results>
                  <test-suite type="ParameterizedTest" name="General Test ScienceOven.&lt;_.CommandType&gt; &lt;_.Name&gt;.Returns some/any output for &lt;Computer&gt;" executed="True" result="Success" success="True" time="0.2182" asserts="0" description="Returns some/any output for &lt;Computer&gt;">
                    <results>
                      <test-case description="Returns some/any output for localhost" name="General Test ScienceOven.Function Get-ComputerVideoAdapter.Returns some/any output for localhost" time="0.2182" asserts="0" success="True" result="Success" executed="True" />
                    </results>
                  </test-suite>
                </results>
              </test-suite>
            </results>
          </test-suite>
        </results>
      </test-suite>
      <test-suite type="TestFixture" name="C:\Users\darin\repo\ashdar\ScienceOven\tests\Get-SqlServerAgent.Tests.ps1" executed="True" result="Ignored" success="True" time="2.2819" asserts="0" description="C:\Users\darin\repo\ashdar\ScienceOven\tests\Get-SqlServerAgent.Tests.ps1">
        <results>
          <test-suite type="TestFixture" name="Tests for " executed="True" result="Ignored" success="True" time="2.0583" asserts="0" description="Tests for ">
            <results>
              <test-suite type="TestFixture" name="Tests for .Get-SqlServerAgentConfiguration" executed="True" result="Ignored" success="True" time="0.0663" asserts="0" description="Tests for .Get-SqlServerAgentConfiguration">
                <results>
                  <test-case description="Returns some/any output for Get-SqlServerAgentConfiguration" name="Tests for .Get-SqlServerAgentConfiguration.Returns some/any output for Get-SqlServerAgentConfiguration" time="0.0058" asserts="0" success="False" result="Ignored" executed="False" />
                </results>
              </test-suite>
              <test-suite type="TestFixture" name="Tests for .Get-SqlServerAgentJob" executed="True" result="Ignored" success="True" time="0.1487" asserts="0" description="Tests for .Get-SqlServerAgentJob">
                <results>
                  <test-case description="Returns some/any output for Get-SqlServerAgentJob" name="Tests for .Get-SqlServerAgentJob.Returns some/any output for Get-SqlServerAgentJob" time="0.0076" asserts="0" success="False" result="Ignored" executed="False" />
                </results>
              </test-suite>
              <test-suite type="TestFixture" name="Tests for .Get-SqlServerAgentJobStep" executed="True" result="Ignored" success="True" time="0.2408" asserts="0" description="Tests for .Get-SqlServerAgentJobStep">
                <results>
                  <test-case description="Returns some/any output for Get-SqlServerAgentJobStep" name="Tests for .Get-SqlServerAgentJobStep.Returns some/any output for Get-SqlServerAgentJobStep" time="0.0087" asserts="0" success="False" result="Ignored" executed="False" />
                </results>
              </test-suite>
              <test-suite type="TestFixture" name="Tests for .Get-SqlServerAgentSchedule" executed="True" result="Success" success="True" time="0.5533" asserts="0" description="Tests for .Get-SqlServerAgentSchedule">
                <results>
                  <test-case description="Returns some/any output for Get-SqlServerAgentSchedule" name="Tests for .Get-SqlServerAgentSchedule.Returns some/any output for Get-SqlServerAgentSchedule" time="0.2425" asserts="0" success="True" result="Success" executed="True" />
                </results>
              </test-suite>
              <test-suite type="TestFixture" name="Tests for .Get-SqlServerAgentJobAlert" executed="True" result="Ignored" success="True" time="0.65" asserts="0" description="Tests for .Get-SqlServerAgentJobAlert">
                <results>
                  <test-case description="Returns some/any output for Get-SqlServerAgentJobAlert" name="Tests for .Get-SqlServerAgentJobAlert.Returns some/any output for Get-SqlServerAgentJobAlert" time="0.0093" asserts="0" success="False" result="Ignored" executed="False" />
                </results>
              </test-suite>
              <test-suite type="TestFixture" name="Tests for .Get-SqlServerAgentJobNotification" executed="True" result="Ignored" success="True" time="0.7551" asserts="0" description="Tests for .Get-SqlServerAgentJobNotification">
                <results>
                  <test-case description="Returns some/any output for Get-SqlServerAgentJobNotification" name="Tests for .Get-SqlServerAgentJobNotification.Returns some/any output for Get-SqlServerAgentJobNotification" time="0.0116" asserts="0" success="False" result="Ignored" executed="False" />
                </results>
              </test-suite>
              <test-suite type="TestFixture" name="Tests for .Get-SqlServerAgentAlert" executed="True" result="Success" success="True" time="1.0211" asserts="0" description="Tests for .Get-SqlServerAgentAlert">
                <results>
                  <test-case description="Returns some/any output for Get-SqlServerAgentAlert" name="Tests for .Get-SqlServerAgentAlert.Returns some/any output for Get-SqlServerAgentAlert" time="0.1883" asserts="0" success="True" result="Success" executed="True" />
                </results>
              </test-suite>
              <test-suite type="TestFixture" name="Tests for .Get-SqlServerAgentOperator" executed="True" result="Success" success="True" time="1.2375" asserts="0" description="Tests for .Get-SqlServerAgentOperator">
                <results>
                  <test-case description="Returns some/any output for Get-SqlServerAgentOperator" name="Tests for .Get-SqlServerAgentOperator.Returns some/any output for Get-SqlServerAgentOperator" time="0.1385" asserts="0" success="True" result="Success" executed="True" />
                </results>
              </test-suite>
            </results>
          </test-suite>
        </results>
      </test-suite>
      <test-suite type="TestFixture" name="C:\Users\darin\repo\ashdar\ScienceOven\tests\Help.tests.ps1" executed="True" result="Success" success="True" time="9.2974" asserts="0" description="C:\Users\darin\repo\ashdar\ScienceOven\tests\Help.tests.ps1">
        <results>
          <test-suite type="TestFixture" name="Test help for Get-ComputerEventLog" executed="True" result="Success" success="True" time="0.4506" asserts="0" description="Test help for Get-ComputerEventLog">
            <results>
              <test-suite type="TestFixture" name="Test help for Get-ComputerEventLog.Parameter Computer" executed="True" result="Success" success="True" time="0.17" asserts="0" description="Test help for Get-ComputerEventLog.Parameter Computer">
                <results>
                  <test-case description="Has description" name="Test help for Get-ComputerEventLog.Parameter Computer.Has description" time="0.0093" asserts="0" success="True" result="Success" executed="True" />
                  <test-case description="Has correct [mandatory] value" name="Test help for Get-ComputerEventLog.Parameter Computer.Has correct [mandatory] value" time="0.0065" asserts="0" success="True" result="Success" executed="True" />
                  <test-case description="Has correct parameter type" name="Test help for Get-ComputerEventLog.Parameter Computer.Has correct parameter type" time="0.0053" asserts="0" success="True" result="Success" executed="True" />
                </results>
              </test-suite>
              <test-suite type="TestFixture" name="Test help for Get-ComputerEventLog.Parameter Credential" executed="True" result="Success" success="True" time="0.28" asserts="0" description="Test help for Get-ComputerEventLog.Parameter Credential">
                <results>
                  <test-case description="Has description" name="Test help for Get-ComputerEventLog.Parameter Credential.Has description" time="0.017" asserts="0" success="True" result="Success" executed="True" />
                  <test-case description="Has correct [mandatory] value" name="Test help for Get-ComputerEventLog.Parameter Credential.Has correct [mandatory] value" time="0.0059" asserts="0" success="True" result="Success" executed="True" />
                  <test-case description="Has correct parameter type" name="Test help for Get-ComputerEventLog.Parameter Credential.Has correct parameter type" time="0.0044" asserts="0" success="True" result="Success" executed="True" />
                </results>
              </test-suite>
              <test-suite type="TestFixture" name="Test help for Get-ComputerEventLog.Parameter ScanDateUTC" executed="True" result="Success" success="True" time="0.3742" asserts="0" description="Test help for Get-ComputerEventLog.Parameter ScanDateUTC">
                <results>
                  <test-case description="Has description" name="Test help for Get-ComputerEventLog.Parameter ScanDateUTC.Has description" time="0.0114" asserts="0" success="True" result="Success" executed="True" />
                  <test-case description="Has correct [mandatory] value" name="Test help for Get-ComputerEventLog.Parameter ScanDateUTC.Has correct [mandatory] value" time="0.0039" asserts="0" success="True" result="Success" executed="True" />
                  <test-case description="Has correct parameter type" name="Test help for Get-ComputerEventLog.Parameter ScanDateUTC.Has correct parameter type" time="0.0031" asserts="0" success="True" result="Success" executed="True" />
                </results>
              </test-suite>
              <test-case description="Help is not auto-generated" name="Test help for Get-ComputerEventLog.Help is not auto-generated" time="0.0073" asserts="0" success="True" result="Success" executed="True" />
              <test-case description="Has description" name="Test help for Get-ComputerEventLog.Has description" time="0.0047" asserts="0" success="True" result="Success" executed="True" />
              <test-case description="Has example code" name="Test help for Get-ComputerEventLog.Has example code" time="0.005" asserts="0" success="True" result="Success" executed="True" />
              <test-case description="Has example help" name="Test help for Get-ComputerEventLog.Has example help" time="0.0061" asserts="0" success="True" result="Success" executed="True" />
            </results>
          </test-suite>
          <test-suite type="TestFixture" name="Test help for Get-ComputerIPV4Route" executed="True" result="Success" success="True" time="0.7949" asserts="0" description="Test help for Get-ComputerIPV4Route">
            <results>
              <test-suite type="TestFixture" name="Test help for Get-ComputerIPV4Route.Parameter Computer" executed="True" result="Success" success="True" time="0.1079" asserts="0" description="Test help for Get-ComputerIPV4Route.Parameter Computer">
                <results>
                  <test-case description="Has description" name="Test help for Get-ComputerIPV4Route.Parameter Computer.Has description" time="0.0049" asserts="0" success="True" result="Success" executed="True" />
                  <test-case description="Has correct [mandatory] value" name="Test help for Get-ComputerIPV4Route.Parameter Computer.Has correct [mandatory] value" time="0.0042" asserts="0" success="True" result="Success" executed="True" />
                  <test-case description="Has correct parameter type" name="Test help for Get-ComputerIPV4Route.Parameter Computer.Has correct parameter type" time="0.0039" asserts="0" success="True" result="Success" executed="True" />
                </results>
              </test-suite>
              <test-suite type="TestFixture" name="Test help for Get-ComputerIPV4Route.Parameter Credential" executed="True" result="Success" success="True" time="0.1962" asserts="0" description="Test help for Get-ComputerIPV4Route.Parameter Credential">
                <results>
                  <test-case description="Has description" name="Test help for Get-ComputerIPV4Route.Parameter Credential.Has description" time="0.0107" asserts="0" success="True" result="Success" executed="True" />
                  <test-case description="Has correct [mandatory] value" name="Test help for Get-ComputerIPV4Route.Parameter Credential.Has correct [mandatory] value" time="0.003" asserts="0" success="True" result="Success" executed="True" />
                  <test-case description="Has correct parameter type" name="Test help for Get-ComputerIPV4Route.Parameter Credential.Has correct parameter type" time="0.0031" asserts="0" success="True" result="Success" executed="True" />
                </results>
              </test-suite>
              <test-suite type="TestFixture" name="Test help for Get-ComputerIPV4Route.Parameter ScanDateUTC" executed="True" result="Success" success="True" time="0.2751" asserts="0" description="Test help for Get-ComputerIPV4Route.Parameter ScanDateUTC">
                <results>
                  <test-case description="Has description" name="Test help for Get-ComputerIPV4Route.Parameter ScanDateUTC.Has description" time="0.0092" asserts="0" success="True" result="Success" executed="True" />
                  <test-case description="Has correct [mandatory] value" name="Test help for Get-ComputerIPV4Route.Parameter ScanDateUTC.Has correct [mandatory] value" time="0.004" asserts="0" success="True" result="Success" executed="True" />
                  <test-case description="Has correct parameter type" name="Test help for Get-ComputerIPV4Route.Parameter ScanDateUTC.Has correct parameter type" time="0.0031" asserts="0" success="True" result="Success" executed="True" />
                </results>
              </test-suite>
              <test-case description="Help is not auto-generated" name="Test help for Get-ComputerIPV4Route.Help is not auto-generated" time="0.0059" asserts="0" success="True" result="Success" executed="True" />
              <test-case description="Has description" name="Test help for Get-ComputerIPV4Route.Has description" time="0.0035" asserts="0" success="True" result="Success" executed="True" />
              <test-case description="Has example code" name="Test help for Get-ComputerIPV4Route.Has example code" time="0.0041" asserts="0" success="True" result="Success" executed="True" />
              <test-case description="Has example help" name="Test help for Get-ComputerIPV4Route.Has example help" time="0.0027" asserts="0" success="True" result="Success" executed="True" />
            </results>
          </test-suite>
          <test-suite type="TestFixture" name="Test help for Get-ComputerLocalGroup" executed="True" result="Success" success="True" time="1.1803" asserts="0" description="Test help for Get-ComputerLocalGroup">
            <results>
              <test-suite type="TestFixture" name="Test help for Get-ComputerLocalGroup.Parameter Computer" executed="True" result="Success" success="True" time="0.1086" asserts="0" description="Test help for Get-ComputerLocalGroup.Parameter Computer">
                <results>
                  <test-case description="Has description" name="Test help for Get-ComputerLocalGroup.Parameter Computer.Has description" time="0.0057" asserts="0" success="True" result="Success" executed="True" />
                  <test-case description="Has correct [mandatory] value" name="Test help for Get-ComputerLocalGroup.Parameter Computer.Has correct [mandatory] value" time="0.0121" asserts="0" success="True" result="Success" executed="True" />
                  <test-case description="Has correct parameter type" name="Test help for Get-ComputerLocalGroup.Parameter Computer.Has correct parameter type" time="0.0042" asserts="0" success="True" result="Success" executed="True" />
                </results>
              </test-suite>
              <test-suite type="TestFixture" name="Test help for Get-ComputerLocalGroup.Parameter Credential" executed="True" result="Success" success="True" time="0.2198" asserts="0" description="Test help for Get-ComputerLocalGroup.Parameter Credential">
                <results>
                  <test-case description="Has description" name="Test help for Get-ComputerLocalGroup.Parameter Credential.Has description" time="0.0081" asserts="0" success="True" result="Success" executed="True" />
                  <test-case description="Has correct [mandatory] value" name="Test help for Get-ComputerLocalGroup.Parameter Credential.Has correct [mandatory] value" time="0.0051" asserts="0" success="True" result="Success" executed="True" />
                  <test-case description="Has correct parameter type" name="Test help for Get-ComputerLocalGroup.Parameter Credential.Has correct parameter type" time="0.0039" asserts="0" success="True" result="Success" executed="True" />
                </results>
              </test-suite>
              <test-suite type="TestFixture" name="Test help for Get-ComputerLocalGroup.Parameter ScanDateUTC" executed="True" result="Success" success="True" time="0.3154" asserts="0" description="Test help for Get-ComputerLocalGroup.Parameter ScanDateUTC">
                <results>
                  <test-case description="Has description" name="Test help for Get-ComputerLocalGroup.Parameter ScanDateUTC.Has description" time="0.0074" asserts="0" success="True" result="Success" executed="True" />
                  <test-case description="Has correct [mandatory] value" name="Test help for Get-ComputerLocalGroup.Parameter ScanDateUTC.Has correct [mandatory] value" time="0.0039" asserts="0" success="True" result="Success" executed="True" />
                  <test-case description="Has correct parameter type" name="Test help for Get-ComputerLocalGroup.Parameter ScanDateUTC.Has correct parameter type" time="0.0042" asserts="0" success="True" result="Success" executed="True" />
                </results>
              </test-suite>
              <test-case description="Help is not auto-generated" name="Test help for Get-ComputerLocalGroup.Help is not auto-generated" time="0.0045" asserts="0" success="True" result="Success" executed="True" />
              <test-case description="Has description" name="Test help for Get-ComputerLocalGroup.Has description" time="0.0027" asserts="0" success="True" result="Success" executed="True" />
              <test-case description="Has example code" name="Test help for Get-ComputerLocalGroup.Has example code" time="0.008" asserts="0" success="True" result="Success" executed="True" />
              <test-case description="Has example help" name="Test help for Get-ComputerLocalGroup.Has example help" time="0.0035" asserts="0" success="True" result="Success" executed="True" />
            </results>
          </test-suite>
          <test-suite type="TestFixture" name="Test help for Get-ComputerLocalUser" executed="True" result="Success" success="True" time="1.5298" asserts="0" description="Test help for Get-ComputerLocalUser">
            <results>
              <test-suite type="TestFixture" name="Test help for Get-ComputerLocalUser.Parameter Computer" executed="True" result="Success" success="True" time="0.1059" asserts="0" description="Test help for Get-ComputerLocalUser.Parameter Computer">
                <results>
                  <test-case description="Has description" name="Test help for Get-ComputerLocalUser.Parameter Computer.Has description" time="0.0053" asserts="0" success="True" result="Success" executed="True" />
                  <test-case description="Has correct [mandatory] value" name="Test help for Get-ComputerLocalUser.Parameter Computer.Has correct [mandatory] value" time="0.0031" asserts="0" success="True" result="Success" executed="True" />
                  <test-case description="Has correct parameter type" name="Test help for Get-ComputerLocalUser.Parameter Computer.Has correct parameter type" time="0.0045" asserts="0" success="True" result="Success" executed="True" />
                </results>
              </test-suite>
              <test-suite type="TestFixture" name="Test help for Get-ComputerLocalUser.Parameter Credential" executed="True" result="Success" success="True" time="0.1911" asserts="0" description="Test help for Get-ComputerLocalUser.Parameter Credential">
                <results>
                  <test-case description="Has description" name="Test help for Get-ComputerLocalUser.Parameter Credential.Has description" time="0.0063" asserts="0" success="True" result="Success" executed="True" />
                  <test-case description="Has correct [mandatory] value" name="Test help for Get-ComputerLocalUser.Parameter Credential.Has correct [mandatory] value" time="0.0031" asserts="0" success="True" result="Success" executed="True" />
                  <test-case description="Has correct parameter type" name="Test help for Get-ComputerLocalUser.Parameter Credential.Has correct parameter type" time="0.0033" asserts="0" success="True" result="Success" executed="True" />
                </results>
              </test-suite>
              <test-suite type="TestFixture" name="Test help for Get-ComputerLocalUser.Parameter ScanDateUTC" executed="True" result="Success" success="True" time="0.273" asserts="0" description="Test help for Get-ComputerLocalUser.Parameter ScanDateUTC">
                <results>
                  <test-case description="Has description" name="Test help for Get-ComputerLocalUser.Parameter ScanDateUTC.Has description" time="0.0063" asserts="0" success="True" result="Success" executed="True" />
                  <test-case description="Has correct [mandatory] value" name="Test help for Get-ComputerLocalUser.Parameter ScanDateUTC.Has correct [mandatory] value" time="0.0032" asserts="0" success="True" result="Success" executed="True" />
                  <test-case description="Has correct parameter type" name="Test help for Get-ComputerLocalUser.Parameter ScanDateUTC.Has correct parameter type" time="0.003" asserts="0" success="True" result="Success" executed="True" />
                </results>
              </test-suite>
              <test-case description="Help is not auto-generated" name="Test help for Get-ComputerLocalUser.Help is not auto-generated" time="0.0054" asserts="0" success="True" result="Success" executed="True" />
              <test-case description="Has description" name="Test help for Get-ComputerLocalUser.Has description" time="0.0026" asserts="0" success="True" result="Success" executed="True" />
              <test-case description="Has example code" name="Test help for Get-ComputerLocalUser.Has example code" time="0.003" asserts="0" success="True" result="Success" executed="True" />
              <test-case description="Has example help" name="Test help for Get-ComputerLocalUser.Has example help" time="0.0049" asserts="0" success="True" result="Success" executed="True" />
            </results>
          </test-suite>
          <test-suite type="TestFixture" name="Test help for Get-ComputerNetworkAdapter" executed="True" result="Success" success="True" time="1.9097" asserts="0" description="Test help for Get-ComputerNetworkAdapter">
            <results>
              <test-suite type="TestFixture" name="Test help for Get-ComputerNetworkAdapter.Parameter Computer" executed="True" result="Success" success="True" time="0.1092" asserts="0" description="Test help for Get-ComputerNetworkAdapter.Parameter Computer">
                <results>
                  <test-case description="Has description" name="Test help for Get-ComputerNetworkAdapter.Parameter Computer.Has description" time="0.0049" asserts="0" success="True" result="Success" executed="True" />
                  <test-case description="Has correct [mandatory] value" name="Test help for Get-ComputerNetworkAdapter.Parameter Computer.Has correct [mandatory] value" time="0.0037" asserts="0" success="True" result="Success" executed="True" />
                  <test-case description="Has correct parameter type" name="Test help for Get-ComputerNetworkAdapter.Parameter Computer.Has correct parameter type" time="0.0046" asserts="0" success="True" result="Success" executed="True" />
                </results>
              </test-suite>
              <test-suite type="TestFixture" name="Test help for Get-ComputerNetworkAdapter.Parameter Credential" executed="True" result="Success" success="True" time="0.2076" asserts="0" description="Test help for Get-ComputerNetworkAdapter.Parameter Credential">
                <results>
                  <test-case description="Has description" name="Test help for Get-ComputerNetworkAdapter.Parameter Credential.Has description" time="0.0099" asserts="0" success="True" result="Success" executed="True" />
                  <test-case description="Has correct [mandatory] value" name="Test help for Get-ComputerNetworkAdapter.Parameter Credential.Has correct [mandatory] value" time="0.0034" asserts="0" success="True" result="Success" executed="True" />
                  <test-case description="Has correct parameter type" name="Test help for Get-ComputerNetworkAdapter.Parameter Credential.Has correct parameter type" time="0.0044" asserts="0" success="True" result="Success" executed="True" />
                </results>
              </test-suite>
              <test-suite type="TestFixture" name="Test help for Get-ComputerNetworkAdapter.Parameter ScanDateUTC" executed="True" result="Success" success="True" time="0.304" asserts="0" description="Test help for Get-ComputerNetworkAdapter.Parameter ScanDateUTC">
                <results>
                  <test-case description="Has description" name="Test help for Get-ComputerNetworkAdapter.Parameter ScanDateUTC.Has description" time="0.005" asserts="0" success="True" result="Success" executed="True" />
                  <test-case description="Has correct [mandatory] value" name="Test help for Get-ComputerNetworkAdapter.Parameter ScanDateUTC.Has correct [mandatory] value" time="0.0088" asserts="0" success="True" result="Success" executed="True" />
                  <test-case description="Has correct parameter type" name="Test help for Get-ComputerNetworkAdapter.Parameter ScanDateUTC.Has correct parameter type" time="0.0037" asserts="0" success="True" result="Success" executed="True" />
                </results>
              </test-suite>
              <test-case description="Help is not auto-generated" name="Test help for Get-ComputerNetworkAdapter.Help is not auto-generated" time="0.0062" asserts="0" success="True" result="Success" executed="True" />
              <test-case description="Has description" name="Test help for Get-ComputerNetworkAdapter.Has description" time="0.0031" asserts="0" success="True" result="Success" executed="True" />
              <test-case description="Has example code" name="Test help for Get-ComputerNetworkAdapter.Has example code" time="0.0026" asserts="0" success="True" result="Success" executed="True" />
              <test-case description="Has example help" name="Test help for Get-ComputerNetworkAdapter.Has example help" time="0.0026" asserts="0" success="True" result="Success" executed="True" />
            </results>
          </test-suite>
          <test-suite type="TestFixture" name="Test help for Get-ComputerOpticalDrive" executed="True" result="Success" success="True" time="2.333" asserts="0" description="Test help for Get-ComputerOpticalDrive">
            <results>
              <test-suite type="TestFixture" name="Test help for Get-ComputerOpticalDrive.Parameter Computer" executed="True" result="Success" success="True" time="0.1428" asserts="0" description="Test help for Get-ComputerOpticalDrive.Parameter Computer">
                <results>
                  <test-case description="Has description" name="Test help for Get-ComputerOpticalDrive.Parameter Computer.Has description" time="0.0078" asserts="0" success="True" result="Success" executed="True" />
                  <test-case description="Has correct [mandatory] value" name="Test help for Get-ComputerOpticalDrive.Parameter Computer.Has correct [mandatory] value" time="0.0124" asserts="0" success="True" result="Success" executed="True" />
                  <test-case description="Has correct parameter type" name="Test help for Get-ComputerOpticalDrive.Parameter Computer.Has correct parameter type" time="0.0059" asserts="0" success="True" result="Success" executed="True" />
                </results>
              </test-suite>
              <test-suite type="TestFixture" name="Test help for Get-ComputerOpticalDrive.Parameter Credential" executed="True" result="Success" success="True" time="0.2552" asserts="0" description="Test help for Get-ComputerOpticalDrive.Parameter Credential">
                <results>
                  <test-case description="Has description" name="Test help for Get-ComputerOpticalDrive.Parameter Credential.Has description" time="0.0079" asserts="0" success="True" result="Success" executed="True" />
                  <test-case description="Has correct [mandatory] value" name="Test help for Get-ComputerOpticalDrive.Parameter Credential.Has correct [mandatory] value" time="0.0044" asserts="0" success="True" result="Success" executed="True" />
                  <test-case description="Has correct parameter type" name="Test help for Get-ComputerOpticalDrive.Parameter Credential.Has correct parameter type" time="0.0036" asserts="0" success="True" result="Success" executed="True" />
                </results>
              </test-suite>
              <test-suite type="TestFixture" name="Test help for Get-ComputerOpticalDrive.Parameter ScanDateUTC" executed="True" result="Success" success="True" time="0.3485" asserts="0" description="Test help for Get-ComputerOpticalDrive.Parameter ScanDateUTC">
                <results>
                  <test-case description="Has description" name="Test help for Get-ComputerOpticalDrive.Parameter ScanDateUTC.Has description" time="0.0095" asserts="0" success="True" result="Success" executed="True" />
                  <test-case description="Has correct [mandatory] value" name="Test help for Get-ComputerOpticalDrive.Parameter ScanDateUTC.Has correct [mandatory] value" time="0.0036" asserts="0" success="True" result="Success" executed="True" />
                  <test-case description="Has correct parameter type" name="Test help for Get-ComputerOpticalDrive.Parameter ScanDateUTC.Has correct parameter type" time="0.0035" asserts="0" success="True" result="Success" executed="True" />
                </results>
              </test-suite>
              <test-case description="Help is not auto-generated" name="Test help for Get-ComputerOpticalDrive.Help is not auto-generated" time="0.0054" asserts="0" success="True" result="Success" executed="True" />
              <test-case description="Has description" name="Test help for Get-ComputerOpticalDrive.Has description" time="0.004" asserts="0" success="True" result="Success" executed="True" />
              <test-case description="Has example code" name="Test help for Get-ComputerOpticalDrive.Has example code" time="0.0112" asserts="0" success="True" result="Success" executed="True" />
              <test-case description="Has example help" name="Test help for Get-ComputerOpticalDrive.Has example help" time="0.0047" asserts="0" success="True" result="Success" executed="True" />
            </results>
          </test-suite>
          <test-suite type="TestFixture" name="Test help for Get-ComputerOverview" executed="True" result="Success" success="True" time="2.6815" asserts="0" description="Test help for Get-ComputerOverview">
            <results>
              <test-suite type="TestFixture" name="Test help for Get-ComputerOverview.Parameter Computer" executed="True" result="Success" success="True" time="0.1004" asserts="0" description="Test help for Get-ComputerOverview.Parameter Computer">
                <results>
                  <test-case description="Has description" name="Test help for Get-ComputerOverview.Parameter Computer.Has description" time="0.0046" asserts="0" success="True" result="Success" executed="True" />
                  <test-case description="Has correct [mandatory] value" name="Test help for Get-ComputerOverview.Parameter Computer.Has correct [mandatory] value" time="0.0046" asserts="0" success="True" result="Success" executed="True" />
                  <test-case description="Has correct parameter type" name="Test help for Get-ComputerOverview.Parameter Computer.Has correct parameter type" time="0.0036" asserts="0" success="True" result="Success" executed="True" />
                </results>
              </test-suite>
              <test-suite type="TestFixture" name="Test help for Get-ComputerOverview.Parameter Credential" executed="True" result="Success" success="True" time="0.182" asserts="0" description="Test help for Get-ComputerOverview.Parameter Credential">
                <results>
                  <test-case description="Has description" name="Test help for Get-ComputerOverview.Parameter Credential.Has description" time="0.0067" asserts="0" success="True" result="Success" executed="True" />
                  <test-case description="Has correct [mandatory] value" name="Test help for Get-ComputerOverview.Parameter Credential.Has correct [mandatory] value" time="0.0028" asserts="0" success="True" result="Success" executed="True" />
                  <test-case description="Has correct parameter type" name="Test help for Get-ComputerOverview.Parameter Credential.Has correct parameter type" time="0.0026" asserts="0" success="True" result="Success" executed="True" />
                </results>
              </test-suite>
              <test-suite type="TestFixture" name="Test help for Get-ComputerOverview.Parameter ScanDateUTC" executed="True" result="Success" success="True" time="0.2628" asserts="0" description="Test help for Get-ComputerOverview.Parameter ScanDateUTC">
                <results>
                  <test-case description="Has description" name="Test help for Get-ComputerOverview.Parameter ScanDateUTC.Has description" time="0.0049" asserts="0" success="True" result="Success" executed="True" />
                  <test-case description="Has correct [mandatory] value" name="Test help for Get-ComputerOverview.Parameter ScanDateUTC.Has correct [mandatory] value" time="0.003" asserts="0" success="True" result="Success" executed="True" />
                  <test-case description="Has correct parameter type" name="Test help for Get-ComputerOverview.Parameter ScanDateUTC.Has correct parameter type" time="0.0031" asserts="0" success="True" result="Success" executed="True" />
                </results>
              </test-suite>
              <test-case description="Help is not auto-generated" name="Test help for Get-ComputerOverview.Help is not auto-generated" time="0.0047" asserts="0" success="True" result="Success" executed="True" />
              <test-case description="Has description" name="Test help for Get-ComputerOverview.Has description" time="0.0031" asserts="0" success="True" result="Success" executed="True" />
              <test-case description="Has example code" name="Test help for Get-ComputerOverview.Has example code" time="0.0026" asserts="0" success="True" result="Success" executed="True" />
              <test-case description="Has example help" name="Test help for Get-ComputerOverview.Has example help" time="0.0027" asserts="0" success="True" result="Success" executed="True" />
            </results>
          </test-suite>
          <test-suite type="TestFixture" name="Test help for Get-ComputerPageFile" executed="True" result="Success" success="True" time="3.089" asserts="0" description="Test help for Get-ComputerPageFile">
            <results>
              <test-suite type="TestFixture" name="Test help for Get-ComputerPageFile.Parameter Computer" executed="True" result="Success" success="True" time="0.1621" asserts="0" description="Test help for Get-ComputerPageFile.Parameter Computer">
                <results>
                  <test-case description="Has description" name="Test help for Get-ComputerPageFile.Parameter Computer.Has description" time="0.0067" asserts="0" success="True" result="Success" executed="True" />
                  <test-case description="Has correct [mandatory] value" name="Test help for Get-ComputerPageFile.Parameter Computer.Has correct [mandatory] value" time="0.0496" asserts="0" success="True" result="Success" executed="True" />
                  <test-case description="Has correct parameter type" name="Test help for Get-ComputerPageFile.Parameter Computer.Has correct parameter type" time="0.007" asserts="0" success="True" result="Success" executed="True" />
                </results>
              </test-suite>
              <test-suite type="TestFixture" name="Test help for Get-ComputerPageFile.Parameter Credential" executed="True" result="Success" success="True" time="0.2498" asserts="0" description="Test help for Get-ComputerPageFile.Parameter Credential">
                <results>
                  <test-case description="Has description" name="Test help for Get-ComputerPageFile.Parameter Credential.Has description" time="0.0046" asserts="0" success="True" result="Success" executed="True" />
                  <test-case description="Has correct [mandatory] value" name="Test help for Get-ComputerPageFile.Parameter Credential.Has correct [mandatory] value" time="0.0037" asserts="0" success="True" result="Success" executed="True" />
                  <test-case description="Has correct parameter type" name="Test help for Get-ComputerPageFile.Parameter Credential.Has correct parameter type" time="0.0033" asserts="0" success="True" result="Success" executed="True" />
                </results>
              </test-suite>
              <test-suite type="TestFixture" name="Test help for Get-ComputerPageFile.Parameter ScanDateUTC" executed="True" result="Success" success="True" time="0.3313" asserts="0" description="Test help for Get-ComputerPageFile.Parameter ScanDateUTC">
                <results>
                  <test-case description="Has description" name="Test help for Get-ComputerPageFile.Parameter ScanDateUTC.Has description" time="0.0063" asserts="0" success="True" result="Success" executed="True" />
                  <test-case description="Has correct [mandatory] value" name="Test help for Get-ComputerPageFile.Parameter ScanDateUTC.Has correct [mandatory] value" time="0.0029" asserts="0" success="True" result="Success" executed="True" />
                  <test-case description="Has correct parameter type" name="Test help for Get-ComputerPageFile.Parameter ScanDateUTC.Has correct parameter type" time="0.0028" asserts="0" success="True" result="Success" executed="True" />
                </results>
              </test-suite>
              <test-case description="Help is not auto-generated" name="Test help for Get-ComputerPageFile.Help is not auto-generated" time="0.0063" asserts="0" success="True" result="Success" executed="True" />
              <test-case description="Has description" name="Test help for Get-ComputerPageFile.Has description" time="0.0026" asserts="0" success="True" result="Success" executed="True" />
              <test-case description="Has example code" name="Test help for Get-ComputerPageFile.Has example code" time="0.0029" asserts="0" success="True" result="Success" executed="True" />
              <test-case description="Has example help" name="Test help for Get-ComputerPageFile.Has example help" time="0.0031" asserts="0" success="True" result="Success" executed="True" />
            </results>
          </test-suite>
          <test-suite type="TestFixture" name="Test help for Get-ComputerPatch" executed="True" result="Success" success="True" time="3.446" asserts="0" description="Test help for Get-ComputerPatch">
            <results>
              <test-suite type="TestFixture" name="Test help for Get-ComputerPatch.Parameter Computer" executed="True" result="Success" success="True" time="0.112" asserts="0" description="Test help for Get-ComputerPatch.Parameter Computer">
                <results>
                  <test-case description="Has description" name="Test help for Get-ComputerPatch.Parameter Computer.Has description" time="0.006" asserts="0" success="True" result="Success" executed="True" />
                  <test-case description="Has correct [mandatory] value" name="Test help for Get-ComputerPatch.Parameter Computer.Has correct [mandatory] value" time="0.0033" asserts="0" success="True" result="Success" executed="True" />
                  <test-case description="Has correct parameter type" name="Test help for Get-ComputerPatch.Parameter Computer.Has correct parameter type" time="0.0034" asserts="0" success="True" result="Success" executed="True" />
                </results>
              </test-suite>
              <test-suite type="TestFixture" name="Test help for Get-ComputerPatch.Parameter Credential" executed="True" result="Success" success="True" time="0.2009" asserts="0" description="Test help for Get-ComputerPatch.Parameter Credential">
                <results>
                  <test-case description="Has description" name="Test help for Get-ComputerPatch.Parameter Credential.Has description" time="0.0116" asserts="0" success="True" result="Success" executed="True" />
                  <test-case description="Has correct [mandatory] value" name="Test help for Get-ComputerPatch.Parameter Credential.Has correct [mandatory] value" time="0.0037" asserts="0" success="True" result="Success" executed="True" />
                  <test-case description="Has correct parameter type" name="Test help for Get-ComputerPatch.Parameter Credential.Has correct parameter type" time="0.0032" asserts="0" success="True" result="Success" executed="True" />
                </results>
              </test-suite>
              <test-suite type="TestFixture" name="Test help for Get-ComputerPatch.Parameter ScanDateUTC" executed="True" result="Success" success="True" time="0.2845" asserts="0" description="Test help for Get-ComputerPatch.Parameter ScanDateUTC">
                <results>
                  <test-case description="Has description" name="Test help for Get-ComputerPatch.Parameter ScanDateUTC.Has description" time="0.0101" asserts="0" success="True" result="Success" executed="True" />
                  <test-case description="Has correct [mandatory] value" name="Test help for Get-ComputerPatch.Parameter ScanDateUTC.Has correct [mandatory] value" time="0.0032" asserts="0" success="True" result="Success" executed="True" />
                  <test-case description="Has correct parameter type" name="Test help for Get-ComputerPatch.Parameter ScanDateUTC.Has correct parameter type" time="0.0031" asserts="0" success="True" result="Success" executed="True" />
                </results>
              </test-suite>
              <test-case description="Help is not auto-generated" name="Test help for Get-ComputerPatch.Help is not auto-generated" time="0.0047" asserts="0" success="True" result="Success" executed="True" />
              <test-case description="Has description" name="Test help for Get-ComputerPatch.Has description" time="0.0034" asserts="0" success="True" result="Success" executed="True" />
              <test-case description="Has example code" name="Test help for Get-ComputerPatch.Has example code" time="0.0029" asserts="0" success="True" result="Success" executed="True" />
              <test-case description="Has example help" name="Test help for Get-ComputerPatch.Has example help" time="0.004" asserts="0" success="True" result="Success" executed="True" />
            </results>
          </test-suite>
          <test-suite type="TestFixture" name="Test help for Get-ComputerPhysicalMemory" executed="True" result="Success" success="True" time="3.8085" asserts="0" description="Test help for Get-ComputerPhysicalMemory">
            <results>
              <test-suite type="TestFixture" name="Test help for Get-ComputerPhysicalMemory.Parameter Computer" executed="True" result="Success" success="True" time="0.1128" asserts="0" description="Test help for Get-ComputerPhysicalMemory.Parameter Computer">
                <results>
                  <test-case description="Has description" name="Test help for Get-ComputerPhysicalMemory.Parameter Computer.Has description" time="0.0113" asserts="0" success="True" result="Success" executed="True" />
                  <test-case description="Has correct [mandatory] value" name="Test help for Get-ComputerPhysicalMemory.Parameter Computer.Has correct [mandatory] value" time="0.0042" asserts="0" success="True" result="Success" executed="True" />
                  <test-case description="Has correct parameter type" name="Test help for Get-ComputerPhysicalMemory.Parameter Computer.Has correct parameter type" time="0.0039" asserts="0" success="True" result="Success" executed="True" />
                </results>
              </test-suite>
              <test-suite type="TestFixture" name="Test help for Get-ComputerPhysicalMemory.Parameter Credential" executed="True" result="Success" success="True" time="0.1884" asserts="0" description="Test help for Get-ComputerPhysicalMemory.Parameter Credential">
                <results>
                  <test-case description="Has description" name="Test help for Get-ComputerPhysicalMemory.Parameter Credential.Has description" time="0.0108" asserts="0" success="True" result="Success" executed="True" />
                  <test-case description="Has correct [mandatory] value" name="Test help for Get-ComputerPhysicalMemory.Parameter Credential.Has correct [mandatory] value" time="0.0031" asserts="0" success="True" result="Success" executed="True" />
                  <test-case description="Has correct parameter type" name="Test help for Get-ComputerPhysicalMemory.Parameter Credential.Has correct parameter type" time="0.0028" asserts="0" success="True" result="Success" executed="True" />
                </results>
              </test-suite>
              <test-suite type="TestFixture" name="Test help for Get-ComputerPhysicalMemory.Parameter ScanDateUTC" executed="True" result="Success" success="True" time="0.2822" asserts="0" description="Test help for Get-ComputerPhysicalMemory.Parameter ScanDateUTC">
                <results>
                  <test-case description="Has description" name="Test help for Get-ComputerPhysicalMemory.Parameter ScanDateUTC.Has description" time="0.007" asserts="0" success="True" result="Success" executed="True" />
                  <test-case description="Has correct [mandatory] value" name="Test help for Get-ComputerPhysicalMemory.Parameter ScanDateUTC.Has correct [mandatory] value" time="0.0035" asserts="0" success="True" result="Success" executed="True" />
                  <test-case description="Has correct parameter type" name="Test help for Get-ComputerPhysicalMemory.Parameter ScanDateUTC.Has correct parameter type" time="0.0043" asserts="0" success="True" result="Success" executed="True" />
                </results>
              </test-suite>
              <test-case description="Help is not auto-generated" name="Test help for Get-ComputerPhysicalMemory.Help is not auto-generated" time="0.0051" asserts="0" success="True" result="Success" executed="True" />
              <test-case description="Has description" name="Test help for Get-ComputerPhysicalMemory.Has description" time="0.0078" asserts="0" success="True" result="Success" executed="True" />
              <test-case description="Has example code" name="Test help for Get-ComputerPhysicalMemory.Has example code" time="0.0038" asserts="0" success="True" result="Success" executed="True" />
              <test-case description="Has example help" name="Test help for Get-ComputerPhysicalMemory.Has example help" time="0.0033" asserts="0" success="True" result="Success" executed="True" />
            </results>
          </test-suite>
          <test-suite type="TestFixture" name="Test help for Get-ComputerPowerPlan" executed="True" result="Success" success="True" time="4.1809" asserts="0" description="Test help for Get-ComputerPowerPlan">
            <results>
              <test-suite type="TestFixture" name="Test help for Get-ComputerPowerPlan.Parameter Computer" executed="True" result="Success" success="True" time="0.1216" asserts="0" description="Test help for Get-ComputerPowerPlan.Parameter Computer">
                <results>
                  <test-case description="Has description" name="Test help for Get-ComputerPowerPlan.Parameter Computer.Has description" time="0.0042" asserts="0" success="True" result="Success" executed="True" />
                  <test-case description="Has correct [mandatory] value" name="Test help for Get-ComputerPowerPlan.Parameter Computer.Has correct [mandatory] value" time="0.0042" asserts="0" success="True" result="Success" executed="True" />
                  <test-case description="Has correct parameter type" name="Test help for Get-ComputerPowerPlan.Parameter Computer.Has correct parameter type" time="0.0102" asserts="0" success="True" result="Success" executed="True" />
                </results>
              </test-suite>
              <test-suite type="TestFixture" name="Test help for Get-ComputerPowerPlan.Parameter Credential" executed="True" result="Success" success="True" time="0.2024" asserts="0" description="Test help for Get-ComputerPowerPlan.Parameter Credential">
                <results>
                  <test-case description="Has description" name="Test help for Get-ComputerPowerPlan.Parameter Credential.Has description" time="0.0046" asserts="0" success="True" result="Success" executed="True" />
                  <test-case description="Has correct [mandatory] value" name="Test help for Get-ComputerPowerPlan.Parameter Credential.Has correct [mandatory] value" time="0.0029" asserts="0" success="True" result="Success" executed="True" />
                  <test-case description="Has correct parameter type" name="Test help for Get-ComputerPowerPlan.Parameter Credential.Has correct parameter type" time="0.0066" asserts="0" success="True" result="Success" executed="True" />
                </results>
              </test-suite>
              <test-suite type="TestFixture" name="Test help for Get-ComputerPowerPlan.Parameter ScanDateUTC" executed="True" result="Success" success="True" time="0.2933" asserts="0" description="Test help for Get-ComputerPowerPlan.Parameter ScanDateUTC">
                <results>
                  <test-case description="Has description" name="Test help for Get-ComputerPowerPlan.Parameter ScanDateUTC.Has description" time="0.0053" asserts="0" success="True" result="Success" executed="True" />
                  <test-case description="Has correct [mandatory] value" name="Test help for Get-ComputerPowerPlan.Parameter ScanDateUTC.Has correct [mandatory] value" time="0.0047" asserts="0" success="True" result="Success" executed="True" />
                  <test-case description="Has correct parameter type" name="Test help for Get-ComputerPowerPlan.Parameter ScanDateUTC.Has correct parameter type" time="0.0037" asserts="0" success="True" result="Success" executed="True" />
                </results>
              </test-suite>
              <test-case description="Help is not auto-generated" name="Test help for Get-ComputerPowerPlan.Help is not auto-generated" time="0.0057" asserts="0" success="True" result="Success" executed="True" />
              <test-case description="Has description" name="Test help for Get-ComputerPowerPlan.Has description" time="0.0029" asserts="0" success="True" result="Success" executed="True" />
              <test-case description="Has example code" name="Test help for Get-ComputerPowerPlan.Has example code" time="0.0029" asserts="0" success="True" result="Success" executed="True" />
              <test-case description="Has example help" name="Test help for Get-ComputerPowerPlan.Has example help" time="0.0037" asserts="0" success="True" result="Success" executed="True" />
            </results>
          </test-suite>
          <test-suite type="TestFixture" name="Test help for Get-ComputerPrinter" executed="True" result="Success" success="True" time="4.5203" asserts="0" description="Test help for Get-ComputerPrinter">
            <results>
              <test-suite type="TestFixture" name="Test help for Get-ComputerPrinter.Parameter Computer" executed="True" result="Success" success="True" time="0.1032" asserts="0" description="Test help for Get-ComputerPrinter.Parameter Computer">
                <results>
                  <test-case description="Has description" name="Test help for Get-ComputerPrinter.Parameter Computer.Has description" time="0.0045" asserts="0" success="True" result="Success" executed="True" />
                  <test-case description="Has correct [mandatory] value" name="Test help for Get-ComputerPrinter.Parameter Computer.Has correct [mandatory] value" time="0.0038" asserts="0" success="True" result="Success" executed="True" />
                  <test-case description="Has correct parameter type" name="Test help for Get-ComputerPrinter.Parameter Computer.Has correct parameter type" time="0.0092" asserts="0" success="True" result="Success" executed="True" />
                </results>
              </test-suite>
              <test-suite type="TestFixture" name="Test help for Get-ComputerPrinter.Parameter Credential" executed="True" result="Success" success="True" time="0.1857" asserts="0" description="Test help for Get-ComputerPrinter.Parameter Credential">
                <results>
                  <test-case description="Has description" name="Test help for Get-ComputerPrinter.Parameter Credential.Has description" time="0.0056" asserts="0" success="True" result="Success" executed="True" />
                  <test-case description="Has correct [mandatory] value" name="Test help for Get-ComputerPrinter.Parameter Credential.Has correct [mandatory] value" time="0.0031" asserts="0" success="True" result="Success" executed="True" />
                  <test-case description="Has correct parameter type" name="Test help for Get-ComputerPrinter.Parameter Credential.Has correct parameter type" time="0.0032" asserts="0" success="True" result="Success" executed="True" />
                </results>
              </test-suite>
              <test-suite type="TestFixture" name="Test help for Get-ComputerPrinter.Parameter ScanDateUTC" executed="True" result="Success" success="True" time="0.2641" asserts="0" description="Test help for Get-ComputerPrinter.Parameter ScanDateUTC">
                <results>
                  <test-case description="Has description" name="Test help for Get-ComputerPrinter.Parameter ScanDateUTC.Has description" time="0.0044" asserts="0" success="True" result="Success" executed="True" />
                  <test-case description="Has correct [mandatory] value" name="Test help for Get-ComputerPrinter.Parameter ScanDateUTC.Has correct [mandatory] value" time="0.0027" asserts="0" success="True" result="Success" executed="True" />
                  <test-case description="Has correct parameter type" name="Test help for Get-ComputerPrinter.Parameter ScanDateUTC.Has correct parameter type" time="0.0028" asserts="0" success="True" result="Success" executed="True" />
                </results>
              </test-suite>
              <test-case description="Help is not auto-generated" name="Test help for Get-ComputerPrinter.Help is not auto-generated" time="0.0056" asserts="0" success="True" result="Success" executed="True" />
              <test-case description="Has description" name="Test help for Get-ComputerPrinter.Has description" time="0.0027" asserts="0" success="True" result="Success" executed="True" />
              <test-case description="Has example code" name="Test help for Get-ComputerPrinter.Has example code" time="0.0032" asserts="0" success="True" result="Success" executed="True" />
              <test-case description="Has example help" name="Test help for Get-ComputerPrinter.Has example help" time="0.0028" asserts="0" success="True" result="Success" executed="True" />
            </results>
          </test-suite>
          <test-suite type="TestFixture" name="Test help for Get-ComputerProcess" executed="True" result="Success" success="True" time="4.8635" asserts="0" description="Test help for Get-ComputerProcess">
            <results>
              <test-suite type="TestFixture" name="Test help for Get-ComputerProcess.Parameter Computer" executed="True" result="Success" success="True" time="0.1014" asserts="0" description="Test help for Get-ComputerProcess.Parameter Computer">
                <results>
                  <test-case description="Has description" name="Test help for Get-ComputerProcess.Parameter Computer.Has description" time="0.0041" asserts="0" success="True" result="Success" executed="True" />
                  <test-case description="Has correct [mandatory] value" name="Test help for Get-ComputerProcess.Parameter Computer.Has correct [mandatory] value" time="0.0042" asserts="0" success="True" result="Success" executed="True" />
                  <test-case description="Has correct parameter type" name="Test help for Get-ComputerProcess.Parameter Computer.Has correct parameter type" time="0.0035" asserts="0" success="True" result="Success" executed="True" />
                </results>
              </test-suite>
              <test-suite type="TestFixture" name="Test help for Get-ComputerProcess.Parameter Credential" executed="True" result="Success" success="True" time="0.1833" asserts="0" description="Test help for Get-ComputerProcess.Parameter Credential">
                <results>
                  <test-case description="Has description" name="Test help for Get-ComputerProcess.Parameter Credential.Has description" time="0.0048" asserts="0" success="True" result="Success" executed="True" />
                  <test-case description="Has correct [mandatory] value" name="Test help for Get-ComputerProcess.Parameter Credential.Has correct [mandatory] value" time="0.003" asserts="0" success="True" result="Success" executed="True" />
                  <test-case description="Has correct parameter type" name="Test help for Get-ComputerProcess.Parameter Credential.Has correct parameter type" time="0.003" asserts="0" success="True" result="Success" executed="True" />
                </results>
              </test-suite>
              <test-suite type="TestFixture" name="Test help for Get-ComputerProcess.Parameter ScanDateUTC" executed="True" result="Success" success="True" time="0.2685" asserts="0" description="Test help for Get-ComputerProcess.Parameter ScanDateUTC">
                <results>
                  <test-case description="Has description" name="Test help for Get-ComputerProcess.Parameter ScanDateUTC.Has description" time="0.0062" asserts="0" success="True" result="Success" executed="True" />
                  <test-case description="Has correct [mandatory] value" name="Test help for Get-ComputerProcess.Parameter ScanDateUTC.Has correct [mandatory] value" time="0.0037" asserts="0" success="True" result="Success" executed="True" />
                  <test-case description="Has correct parameter type" name="Test help for Get-ComputerProcess.Parameter ScanDateUTC.Has correct parameter type" time="0.0032" asserts="0" success="True" result="Success" executed="True" />
                </results>
              </test-suite>
              <test-case description="Help is not auto-generated" name="Test help for Get-ComputerProcess.Help is not auto-generated" time="0.0048" asserts="0" success="True" result="Success" executed="True" />
              <test-case description="Has description" name="Test help for Get-ComputerProcess.Has description" time="0.0025" asserts="0" success="True" result="Success" executed="True" />
              <test-case description="Has example code" name="Test help for Get-ComputerProcess.Has example code" time="0.0027" asserts="0" success="True" result="Success" executed="True" />
              <test-case description="Has example help" name="Test help for Get-ComputerProcess.Has example help" time="0.0027" asserts="0" success="True" result="Success" executed="True" />
            </results>
          </test-suite>
          <test-suite type="TestFixture" name="Test help for Get-ComputerProcessor" executed="True" result="Success" success="True" time="5.21" asserts="0" description="Test help for Get-ComputerProcessor">
            <results>
              <test-suite type="TestFixture" name="Test help for Get-ComputerProcessor.Parameter Computer" executed="True" result="Success" success="True" time="0.1014" asserts="0" description="Test help for Get-ComputerProcessor.Parameter Computer">
                <results>
                  <test-case description="Has description" name="Test help for Get-ComputerProcessor.Parameter Computer.Has description" time="0.0049" asserts="0" success="True" result="Success" executed="True" />
                  <test-case description="Has correct [mandatory] value" name="Test help for Get-ComputerProcessor.Parameter Computer.Has correct [mandatory] value" time="0.004" asserts="0" success="True" result="Success" executed="True" />
                  <test-case description="Has correct parameter type" name="Test help for Get-ComputerProcessor.Parameter Computer.Has correct parameter type" time="0.0029" asserts="0" success="True" result="Success" executed="True" />
                </results>
              </test-suite>
              <test-suite type="TestFixture" name="Test help for Get-ComputerProcessor.Parameter Credential" executed="True" result="Success" success="True" time="0.1891" asserts="0" description="Test help for Get-ComputerProcessor.Parameter Credential">
                <results>
                  <test-case description="Has description" name="Test help for Get-ComputerProcessor.Parameter Credential.Has description" time="0.0064" asserts="0" success="True" result="Success" executed="True" />
                  <test-case description="Has correct [mandatory] value" name="Test help for Get-ComputerProcessor.Parameter Credential.Has correct [mandatory] value" time="0.0039" asserts="0" success="True" result="Success" executed="True" />
                  <test-case description="Has correct parameter type" name="Test help for Get-ComputerProcessor.Parameter Credential.Has correct parameter type" time="0.0038" asserts="0" success="True" result="Success" executed="True" />
                </results>
              </test-suite>
              <test-suite type="TestFixture" name="Test help for Get-ComputerProcessor.Parameter ScanDateUTC" executed="True" result="Success" success="True" time="0.2717" asserts="0" description="Test help for Get-ComputerProcessor.Parameter ScanDateUTC">
                <results>
                  <test-case description="Has description" name="Test help for Get-ComputerProcessor.Parameter ScanDateUTC.Has description" time="0.0065" asserts="0" success="True" result="Success" executed="True" />
                  <test-case description="Has correct [mandatory] value" name="Test help for Get-ComputerProcessor.Parameter ScanDateUTC.Has correct [mandatory] value" time="0.003" asserts="0" success="True" result="Success" executed="True" />
                  <test-case description="Has correct parameter type" name="Test help for Get-ComputerProcessor.Parameter ScanDateUTC.Has correct parameter type" time="0.003" asserts="0" success="True" result="Success" executed="True" />
                </results>
              </test-suite>
              <test-case description="Help is not auto-generated" name="Test help for Get-ComputerProcessor.Help is not auto-generated" time="0.0083" asserts="0" success="True" result="Success" executed="True" />
              <test-case description="Has description" name="Test help for Get-ComputerProcessor.Has description" time="0.0031" asserts="0" success="True" result="Success" executed="True" />
              <test-case description="Has example code" name="Test help for Get-ComputerProcessor.Has example code" time="0.0027" asserts="0" success="True" result="Success" executed="True" />
              <test-case description="Has example help" name="Test help for Get-ComputerProcessor.Has example help" time="0.0028" asserts="0" success="True" result="Success" executed="True" />
            </results>
          </test-suite>
          <test-suite type="TestFixture" name="Test help for Get-ComputerProduct" executed="True" result="Success" success="True" time="5.5641" asserts="0" description="Test help for Get-ComputerProduct">
            <results>
              <test-suite type="TestFixture" name="Test help for Get-ComputerProduct.Parameter Computer" executed="True" result="Success" success="True" time="0.1069" asserts="0" description="Test help for Get-ComputerProduct.Parameter Computer">
                <results>
                  <test-case description="Has description" name="Test help for Get-ComputerProduct.Parameter Computer.Has description" time="0.0051" asserts="0" success="True" result="Success" executed="True" />
                  <test-case description="Has correct [mandatory] value" name="Test help for Get-ComputerProduct.Parameter Computer.Has correct [mandatory] value" time="0.0035" asserts="0" success="True" result="Success" executed="True" />
                  <test-case description="Has correct parameter type" name="Test help for Get-ComputerProduct.Parameter Computer.Has correct parameter type" time="0.004" asserts="0" success="True" result="Success" executed="True" />
                </results>
              </test-suite>
              <test-suite type="TestFixture" name="Test help for Get-ComputerProduct.Parameter Credential" executed="True" result="Success" success="True" time="0.189" asserts="0" description="Test help for Get-ComputerProduct.Parameter Credential">
                <results>
                  <test-case description="Has description" name="Test help for Get-ComputerProduct.Parameter Credential.Has description" time="0.0062" asserts="0" success="True" result="Success" executed="True" />
                  <test-case description="Has correct [mandatory] value" name="Test help for Get-ComputerProduct.Parameter Credential.Has correct [mandatory] value" time="0.003" asserts="0" success="True" result="Success" executed="True" />
                  <test-case description="Has correct parameter type" name="Test help for Get-ComputerProduct.Parameter Credential.Has correct parameter type" time="0.0035" asserts="0" success="True" result="Success" executed="True" />
                </results>
              </test-suite>
              <test-suite type="TestFixture" name="Test help for Get-ComputerProduct.Parameter ScanDateUTC" executed="True" result="Success" success="True" time="0.2788" asserts="0" description="Test help for Get-ComputerProduct.Parameter ScanDateUTC">
                <results>
                  <test-case description="Has description" name="Test help for Get-ComputerProduct.Parameter ScanDateUTC.Has description" time="0.0076" asserts="0" success="True" result="Success" executed="True" />
                  <test-case description="Has correct [mandatory] value" name="Test help for Get-ComputerProduct.Parameter ScanDateUTC.Has correct [mandatory] value" time="0.0043" asserts="0" success="True" result="Success" executed="True" />
                  <test-case description="Has correct parameter type" name="Test help for Get-ComputerProduct.Parameter ScanDateUTC.Has correct parameter type" time="0.0035" asserts="0" success="True" result="Success" executed="True" />
                </results>
              </test-suite>
              <test-case description="Help is not auto-generated" name="Test help for Get-ComputerProduct.Help is not auto-generated" time="0.0051" asserts="0" success="True" result="Success" executed="True" />
              <test-case description="Has description" name="Test help for Get-ComputerProduct.Has description" time="0.0032" asserts="0" success="True" result="Success" executed="True" />
              <test-case description="Has example code" name="Test help for Get-ComputerProduct.Has example code" time="0.003" asserts="0" success="True" result="Success" executed="True" />
              <test-case description="Has example help" name="Test help for Get-ComputerProduct.Has example help" time="0.0047" asserts="0" success="True" result="Success" executed="True" />
            </results>
          </test-suite>
          <test-suite type="TestFixture" name="Test help for Get-ComputerRegistry" executed="True" result="Success" success="True" time="5.9093" asserts="0" description="Test help for Get-ComputerRegistry">
            <results>
              <test-suite type="TestFixture" name="Test help for Get-ComputerRegistry.Parameter Computer" executed="True" result="Success" success="True" time="0.1006" asserts="0" description="Test help for Get-ComputerRegistry.Parameter Computer">
                <results>
                  <test-case description="Has description" name="Test help for Get-ComputerRegistry.Parameter Computer.Has description" time="0.0058" asserts="0" success="True" result="Success" executed="True" />
                  <test-case description="Has correct [mandatory] value" name="Test help for Get-ComputerRegistry.Parameter Computer.Has correct [mandatory] value" time="0.0032" asserts="0" success="True" result="Success" executed="True" />
                  <test-case description="Has correct parameter type" name="Test help for Get-ComputerRegistry.Parameter Computer.Has correct parameter type" time="0.0035" asserts="0" success="True" result="Success" executed="True" />
                </results>
              </test-suite>
              <test-suite type="TestFixture" name="Test help for Get-ComputerRegistry.Parameter Credential" executed="True" result="Success" success="True" time="0.1827" asserts="0" description="Test help for Get-ComputerRegistry.Parameter Credential">
                <results>
                  <test-case description="Has description" name="Test help for Get-ComputerRegistry.Parameter Credential.Has description" time="0.0048" asserts="0" success="True" result="Success" executed="True" />
                  <test-case description="Has correct [mandatory] value" name="Test help for Get-ComputerRegistry.Parameter Credential.Has correct [mandatory] value" time="0.0035" asserts="0" success="True" result="Success" executed="True" />
                  <test-case description="Has correct parameter type" name="Test help for Get-ComputerRegistry.Parameter Credential.Has correct parameter type" time="0.003" asserts="0" success="True" result="Success" executed="True" />
                </results>
              </test-suite>
              <test-suite type="TestFixture" name="Test help for Get-ComputerRegistry.Parameter ScanDateUTC" executed="True" result="Success" success="True" time="0.2703" asserts="0" description="Test help for Get-ComputerRegistry.Parameter ScanDateUTC">
                <results>
                  <test-case description="Has description" name="Test help for Get-ComputerRegistry.Parameter ScanDateUTC.Has description" time="0.0064" asserts="0" success="True" result="Success" executed="True" />
                  <test-case description="Has correct [mandatory] value" name="Test help for Get-ComputerRegistry.Parameter ScanDateUTC.Has correct [mandatory] value" time="0.0043" asserts="0" success="True" result="Success" executed="True" />
                  <test-case description="Has correct parameter type" name="Test help for Get-ComputerRegistry.Parameter ScanDateUTC.Has correct parameter type" time="0.0039" asserts="0" success="True" result="Success" executed="True" />
                </results>
              </test-suite>
              <test-case description="Help is not auto-generated" name="Test help for Get-ComputerRegistry.Help is not auto-generated" time="0.0063" asserts="0" success="True" result="Success" executed="True" />
              <test-case description="Has description" name="Test help for Get-ComputerRegistry.Has description" time="0.0035" asserts="0" success="True" result="Success" executed="True" />
              <test-case description="Has example code" name="Test help for Get-ComputerRegistry.Has example code" time="0.0026" asserts="0" success="True" result="Success" executed="True" />
              <test-case description="Has example help" name="Test help for Get-ComputerRegistry.Has example help" time="0.0027" asserts="0" success="True" result="Success" executed="True" />
            </results>
          </test-suite>
          <test-suite type="TestFixture" name="Test help for Get-ComputerService" executed="True" result="Success" success="True" time="6.2631" asserts="0" description="Test help for Get-ComputerService">
            <results>
              <test-suite type="TestFixture" name="Test help for Get-ComputerService.Parameter Computer" executed="True" result="Success" success="True" time="0.1059" asserts="0" description="Test help for Get-ComputerService.Parameter Computer">
                <results>
                  <test-case description="Has description" name="Test help for Get-ComputerService.Parameter Computer.Has description" time="0.0063" asserts="0" success="True" result="Success" executed="True" />
                  <test-case description="Has correct [mandatory] value" name="Test help for Get-ComputerService.Parameter Computer.Has correct [mandatory] value" time="0.0035" asserts="0" success="True" result="Success" executed="True" />
                  <test-case description="Has correct parameter type" name="Test help for Get-ComputerService.Parameter Computer.Has correct parameter type" time="0.0033" asserts="0" success="True" result="Success" executed="True" />
                </results>
              </test-suite>
              <test-suite type="TestFixture" name="Test help for Get-ComputerService.Parameter Credential" executed="True" result="Success" success="True" time="0.1945" asserts="0" description="Test help for Get-ComputerService.Parameter Credential">
                <results>
                  <test-case description="Has description" name="Test help for Get-ComputerService.Parameter Credential.Has description" time="0.0066" asserts="0" success="True" result="Success" executed="True" />
                  <test-case description="Has correct [mandatory] value" name="Test help for Get-ComputerService.Parameter Credential.Has correct [mandatory] value" time="0.003" asserts="0" success="True" result="Success" executed="True" />
                  <test-case description="Has correct parameter type" name="Test help for Get-ComputerService.Parameter Credential.Has correct parameter type" time="0.003" asserts="0" success="True" result="Success" executed="True" />
                </results>
              </test-suite>
              <test-suite type="TestFixture" name="Test help for Get-ComputerService.Parameter ScanDateUTC" executed="True" result="Success" success="True" time="0.2788" asserts="0" description="Test help for Get-ComputerService.Parameter ScanDateUTC">
                <results>
                  <test-case description="Has description" name="Test help for Get-ComputerService.Parameter ScanDateUTC.Has description" time="0.0062" asserts="0" success="True" result="Success" executed="True" />
                  <test-case description="Has correct [mandatory] value" name="Test help for Get-ComputerService.Parameter ScanDateUTC.Has correct [mandatory] value" time="0.003" asserts="0" success="True" result="Success" executed="True" />
                  <test-case description="Has correct parameter type" name="Test help for Get-ComputerService.Parameter ScanDateUTC.Has correct parameter type" time="0.003" asserts="0" success="True" result="Success" executed="True" />
                </results>
              </test-suite>
              <test-case description="Help is not auto-generated" name="Test help for Get-ComputerService.Help is not auto-generated" time="0.0058" asserts="0" success="True" result="Success" executed="True" />
              <test-case description="Has description" name="Test help for Get-ComputerService.Has description" time="0.0028" asserts="0" success="True" result="Success" executed="True" />
              <test-case description="Has example code" name="Test help for Get-ComputerService.Has example code" time="0.0031" asserts="0" success="True" result="Success" executed="True" />
              <test-case description="Has example help" name="Test help for Get-ComputerService.Has example help" time="0.0031" asserts="0" success="True" result="Success" executed="True" />
            </results>
          </test-suite>
          <test-suite type="TestFixture" name="Test help for Get-ComputerShare" executed="True" result="Success" success="True" time="6.6424" asserts="0" description="Test help for Get-ComputerShare">
            <results>
              <test-suite type="TestFixture" name="Test help for Get-ComputerShare.Parameter Computer" executed="True" result="Success" success="True" time="0.1057" asserts="0" description="Test help for Get-ComputerShare.Parameter Computer">
                <results>
                  <test-case description="Has description" name="Test help for Get-ComputerShare.Parameter Computer.Has description" time="0.0058" asserts="0" success="True" result="Success" executed="True" />
                  <test-case description="Has correct [mandatory] value" name="Test help for Get-ComputerShare.Parameter Computer.Has correct [mandatory] value" time="0.0039" asserts="0" success="True" result="Success" executed="True" />
                  <test-case description="Has correct parameter type" name="Test help for Get-ComputerShare.Parameter Computer.Has correct parameter type" time="0.0043" asserts="0" success="True" result="Success" executed="True" />
                </results>
              </test-suite>
              <test-suite type="TestFixture" name="Test help for Get-ComputerShare.Parameter Credential" executed="True" result="Success" success="True" time="0.2189" asserts="0" description="Test help for Get-ComputerShare.Parameter Credential">
                <results>
                  <test-case description="Has description" name="Test help for Get-ComputerShare.Parameter Credential.Has description" time="0.0058" asserts="0" success="True" result="Success" executed="True" />
                  <test-case description="Has correct [mandatory] value" name="Test help for Get-ComputerShare.Parameter Credential.Has correct [mandatory] value" time="0.0243" asserts="0" success="True" result="Success" executed="True" />
                  <test-case description="Has correct parameter type" name="Test help for Get-ComputerShare.Parameter Credential.Has correct parameter type" time="0.0073" asserts="0" success="True" result="Success" executed="True" />
                </results>
              </test-suite>
              <test-suite type="TestFixture" name="Test help for Get-ComputerShare.Parameter ScanDateUTC" executed="True" result="Success" success="True" time="0.3057" asserts="0" description="Test help for Get-ComputerShare.Parameter ScanDateUTC">
                <results>
                  <test-case description="Has description" name="Test help for Get-ComputerShare.Parameter ScanDateUTC.Has description" time="0.0045" asserts="0" success="True" result="Success" executed="True" />
                  <test-case description="Has correct [mandatory] value" name="Test help for Get-ComputerShare.Parameter ScanDateUTC.Has correct [mandatory] value" time="0.0035" asserts="0" success="True" result="Success" executed="True" />
                  <test-case description="Has correct parameter type" name="Test help for Get-ComputerShare.Parameter ScanDateUTC.Has correct parameter type" time="0.0035" asserts="0" success="True" result="Success" executed="True" />
                </results>
              </test-suite>
              <test-case description="Help is not auto-generated" name="Test help for Get-ComputerShare.Help is not auto-generated" time="0.005" asserts="0" success="True" result="Success" executed="True" />
              <test-case description="Has description" name="Test help for Get-ComputerShare.Has description" time="0.0032" asserts="0" success="True" result="Success" executed="True" />
              <test-case description="Has example code" name="Test help for Get-ComputerShare.Has example code" time="0.0032" asserts="0" success="True" result="Success" executed="True" />
              <test-case description="Has example help" name="Test help for Get-ComputerShare.Has example help" time="0.0041" asserts="0" success="True" result="Success" executed="True" />
            </results>
          </test-suite>
          <test-suite type="TestFixture" name="Test help for Get-ComputerStartupCommand" executed="True" result="Success" success="True" time="6.9972" asserts="0" description="Test help for Get-ComputerStartupCommand">
            <results>
              <test-suite type="TestFixture" name="Test help for Get-ComputerStartupCommand.Parameter Computer" executed="True" result="Success" success="True" time="0.1113" asserts="0" description="Test help for Get-ComputerStartupCommand.Parameter Computer">
                <results>
                  <test-case description="Has description" name="Test help for Get-ComputerStartupCommand.Parameter Computer.Has description" time="0.0063" asserts="0" success="True" result="Success" executed="True" />
                  <test-case description="Has correct [mandatory] value" name="Test help for Get-ComputerStartupCommand.Parameter Computer.Has correct [mandatory] value" time="0.0035" asserts="0" success="True" result="Success" executed="True" />
                  <test-case description="Has correct parameter type" name="Test help for Get-ComputerStartupCommand.Parameter Computer.Has correct parameter type" time="0.0031" asserts="0" success="True" result="Success" executed="True" />
                </results>
              </test-suite>
              <test-suite type="TestFixture" name="Test help for Get-ComputerStartupCommand.Parameter Credential" executed="True" result="Success" success="True" time="0.1965" asserts="0" description="Test help for Get-ComputerStartupCommand.Parameter Credential">
                <results>
                  <test-case description="Has description" name="Test help for Get-ComputerStartupCommand.Parameter Credential.Has description" time="0.0049" asserts="0" success="True" result="Success" executed="True" />
                  <test-case description="Has correct [mandatory] value" name="Test help for Get-ComputerStartupCommand.Parameter Credential.Has correct [mandatory] value" time="0.0035" asserts="0" success="True" result="Success" executed="True" />
                  <test-case description="Has correct parameter type" name="Test help for Get-ComputerStartupCommand.Parameter Credential.Has correct parameter type" time="0.003" asserts="0" success="True" result="Success" executed="True" />
                </results>
              </test-suite>
              <test-suite type="TestFixture" name="Test help for Get-ComputerStartupCommand.Parameter ScanDateUTC" executed="True" result="Success" success="True" time="0.2821" asserts="0" description="Test help for Get-ComputerStartupCommand.Parameter ScanDateUTC">
                <results>
                  <test-case description="Has description" name="Test help for Get-ComputerStartupCommand.Parameter ScanDateUTC.Has description" time="0.0116" asserts="0" success="True" result="Success" executed="True" />
                  <test-case description="Has correct [mandatory] value" name="Test help for Get-ComputerStartupCommand.Parameter ScanDateUTC.Has correct [mandatory] value" time="0.0034" asserts="0" success="True" result="Success" executed="True" />
                  <test-case description="Has correct parameter type" name="Test help for Get-ComputerStartupCommand.Parameter ScanDateUTC.Has correct parameter type" time="0.0029" asserts="0" success="True" result="Success" executed="True" />
                </results>
              </test-suite>
              <test-case description="Help is not auto-generated" name="Test help for Get-ComputerStartupCommand.Help is not auto-generated" time="0.0123" asserts="0" success="True" result="Success" executed="True" />
              <test-case description="Has description" name="Test help for Get-ComputerStartupCommand.Has description" time="0.0031" asserts="0" success="True" result="Success" executed="True" />
              <test-case description="Has example code" name="Test help for Get-ComputerStartupCommand.Has example code" time="0.003" asserts="0" success="True" result="Success" executed="True" />
              <test-case description="Has example help" name="Test help for Get-ComputerStartupCommand.Has example help" time="0.0079" asserts="0" success="True" result="Success" executed="True" />
            </results>
          </test-suite>
          <test-suite type="TestFixture" name="Test help for Get-ComputerTapeDrive" executed="True" result="Success" success="True" time="7.3556" asserts="0" description="Test help for Get-ComputerTapeDrive">
            <results>
              <test-suite type="TestFixture" name="Test help for Get-ComputerTapeDrive.Parameter Computer" executed="True" result="Success" success="True" time="0.1111" asserts="0" description="Test help for Get-ComputerTapeDrive.Parameter Computer">
                <results>
                  <test-case description="Has description" name="Test help for Get-ComputerTapeDrive.Parameter Computer.Has description" time="0.0041" asserts="0" success="True" result="Success" executed="True" />
                  <test-case description="Has correct [mandatory] value" name="Test help for Get-ComputerTapeDrive.Parameter Computer.Has correct [mandatory] value" time="0.0049" asserts="0" success="True" result="Success" executed="True" />
                  <test-case description="Has correct parameter type" name="Test help for Get-ComputerTapeDrive.Parameter Computer.Has correct parameter type" time="0.0034" asserts="0" success="True" result="Success" executed="True" />
                </results>
              </test-suite>
              <test-suite type="TestFixture" name="Test help for Get-ComputerTapeDrive.Parameter Credential" executed="True" result="Success" success="True" time="0.1993" asserts="0" description="Test help for Get-ComputerTapeDrive.Parameter Credential">
                <results>
                  <test-case description="Has description" name="Test help for Get-ComputerTapeDrive.Parameter Credential.Has description" time="0.0058" asserts="0" success="True" result="Success" executed="True" />
                  <test-case description="Has correct [mandatory] value" name="Test help for Get-ComputerTapeDrive.Parameter Credential.Has correct [mandatory] value" time="0.0029" asserts="0" success="True" result="Success" executed="True" />
                  <test-case description="Has correct parameter type" name="Test help for Get-ComputerTapeDrive.Parameter Credential.Has correct parameter type" time="0.0039" asserts="0" success="True" result="Success" executed="True" />
                </results>
              </test-suite>
              <test-suite type="TestFixture" name="Test help for Get-ComputerTapeDrive.Parameter ScanDateUTC" executed="True" result="Success" success="True" time="0.2859" asserts="0" description="Test help for Get-ComputerTapeDrive.Parameter ScanDateUTC">
                <results>
                  <test-case description="Has description" name="Test help for Get-ComputerTapeDrive.Parameter ScanDateUTC.Has description" time="0.0086" asserts="0" success="True" result="Success" executed="True" />
                  <test-case description="Has correct [mandatory] value" name="Test help for Get-ComputerTapeDrive.Parameter ScanDateUTC.Has correct [mandatory] value" time="0.0031" asserts="0" success="True" result="Success" executed="True" />
                  <test-case description="Has correct parameter type" name="Test help for Get-ComputerTapeDrive.Parameter ScanDateUTC.Has correct parameter type" time="0.0034" asserts="0" success="True" result="Success" executed="True" />
                </results>
              </test-suite>
              <test-case description="Help is not auto-generated" name="Test help for Get-ComputerTapeDrive.Help is not auto-generated" time="0.0106" asserts="0" success="True" result="Success" executed="True" />
              <test-case description="Has description" name="Test help for Get-ComputerTapeDrive.Has description" time="0.0033" asserts="0" success="True" result="Success" executed="True" />
              <test-case description="Has example code" name="Test help for Get-ComputerTapeDrive.Has example code" time="0.0033" asserts="0" success="True" result="Success" executed="True" />
              <test-case description="Has example help" name="Test help for Get-ComputerTapeDrive.Has example help" time="0.0026" asserts="0" success="True" result="Success" executed="True" />
            </results>
          </test-suite>
          <test-suite type="TestFixture" name="Test help for Get-ComputerVideoAdapter" executed="True" result="Success" success="True" time="7.699" asserts="0" description="Test help for Get-ComputerVideoAdapter">
            <results>
              <test-suite type="TestFixture" name="Test help for Get-ComputerVideoAdapter.Parameter Computer" executed="True" result="Success" success="True" time="0.0992" asserts="0" description="Test help for Get-ComputerVideoAdapter.Parameter Computer">
                <results>
                  <test-case description="Has description" name="Test help for Get-ComputerVideoAdapter.Parameter Computer.Has description" time="0.0067" asserts="0" success="True" result="Success" executed="True" />
                  <test-case description="Has correct [mandatory] value" name="Test help for Get-ComputerVideoAdapter.Parameter Computer.Has correct [mandatory] value" time="0.0032" asserts="0" success="True" result="Success" executed="True" />
                  <test-case description="Has correct parameter type" name="Test help for Get-ComputerVideoAdapter.Parameter Computer.Has correct parameter type" time="0.003" asserts="0" success="True" result="Success" executed="True" />
                </results>
              </test-suite>
              <test-suite type="TestFixture" name="Test help for Get-ComputerVideoAdapter.Parameter Credential" executed="True" result="Success" success="True" time="0.1811" asserts="0" description="Test help for Get-ComputerVideoAdapter.Parameter Credential">
                <results>
                  <test-case description="Has description" name="Test help for Get-ComputerVideoAdapter.Parameter Credential.Has description" time="0.0059" asserts="0" success="True" result="Success" executed="True" />
                  <test-case description="Has correct [mandatory] value" name="Test help for Get-ComputerVideoAdapter.Parameter Credential.Has correct [mandatory] value" time="0.0032" asserts="0" success="True" result="Success" executed="True" />
                  <test-case description="Has correct parameter type" name="Test help for Get-ComputerVideoAdapter.Parameter Credential.Has correct parameter type" time="0.0028" asserts="0" success="True" result="Success" executed="True" />
                </results>
              </test-suite>
              <test-suite type="TestFixture" name="Test help for Get-ComputerVideoAdapter.Parameter ScanDateUTC" executed="True" result="Success" success="True" time="0.27" asserts="0" description="Test help for Get-ComputerVideoAdapter.Parameter ScanDateUTC">
                <results>
                  <test-case description="Has description" name="Test help for Get-ComputerVideoAdapter.Parameter ScanDateUTC.Has description" time="0.0066" asserts="0" success="True" result="Success" executed="True" />
                  <test-case description="Has correct [mandatory] value" name="Test help for Get-ComputerVideoAdapter.Parameter ScanDateUTC.Has correct [mandatory] value" time="0.0036" asserts="0" success="True" result="Success" executed="True" />
                  <test-case description="Has correct parameter type" name="Test help for Get-ComputerVideoAdapter.Parameter ScanDateUTC.Has correct parameter type" time="0.0032" asserts="0" success="True" result="Success" executed="True" />
                </results>
              </test-suite>
              <test-case description="Help is not auto-generated" name="Test help for Get-ComputerVideoAdapter.Help is not auto-generated" time="0.0053" asserts="0" success="True" result="Success" executed="True" />
              <test-case description="Has description" name="Test help for Get-ComputerVideoAdapter.Has description" time="0.0025" asserts="0" success="True" result="Success" executed="True" />
              <test-case description="Has example code" name="Test help for Get-ComputerVideoAdapter.Has example code" time="0.0029" asserts="0" success="True" result="Success" executed="True" />
              <test-case description="Has example help" name="Test help for Get-ComputerVideoAdapter.Has example help" time="0.0032" asserts="0" success="True" result="Success" executed="True" />
            </results>
          </test-suite>
          <test-suite type="TestFixture" name="Test help for Get-SqlServerAgentAlert" executed="True" result="Success" success="True" time="8.0369" asserts="0" description="Test help for Get-SqlServerAgentAlert">
            <results>
              <test-suite type="TestFixture" name="Test help for Get-SqlServerAgentAlert.Parameter ScanDateUTC" executed="True" result="Success" success="True" time="0.1036" asserts="0" description="Test help for Get-SqlServerAgentAlert.Parameter ScanDateUTC">
                <results>
                  <test-case description="Has description" name="Test help for Get-SqlServerAgentAlert.Parameter ScanDateUTC.Has description" time="0.0044" asserts="0" success="True" result="Success" executed="True" />
                  <test-case description="Has correct [mandatory] value" name="Test help for Get-SqlServerAgentAlert.Parameter ScanDateUTC.Has correct [mandatory] value" time="0.0046" asserts="0" success="True" result="Success" executed="True" />
                  <test-case description="Has correct parameter type" name="Test help for Get-SqlServerAgentAlert.Parameter ScanDateUTC.Has correct parameter type" time="0.003" asserts="0" success="True" result="Success" executed="True" />
                </results>
              </test-suite>
              <test-suite type="TestFixture" name="Test help for Get-SqlServerAgentAlert.Parameter SqlCredential" executed="True" result="Success" success="True" time="0.1855" asserts="0" description="Test help for Get-SqlServerAgentAlert.Parameter SqlCredential">
                <results>
                  <test-case description="Has description" name="Test help for Get-SqlServerAgentAlert.Parameter SqlCredential.Has description" time="0.005" asserts="0" success="True" result="Success" executed="True" />
                  <test-case description="Has correct [mandatory] value" name="Test help for Get-SqlServerAgentAlert.Parameter SqlCredential.Has correct [mandatory] value" time="0.0029" asserts="0" success="True" result="Success" executed="True" />
                  <test-case description="Has correct parameter type" name="Test help for Get-SqlServerAgentAlert.Parameter SqlCredential.Has correct parameter type" time="0.0028" asserts="0" success="True" result="Success" executed="True" />
                </results>
              </test-suite>
              <test-suite type="TestFixture" name="Test help for Get-SqlServerAgentAlert.Parameter SqlInstance" executed="True" result="Success" success="True" time="0.2664" asserts="0" description="Test help for Get-SqlServerAgentAlert.Parameter SqlInstance">
                <results>
                  <test-case description="Has description" name="Test help for Get-SqlServerAgentAlert.Parameter SqlInstance.Has description" time="0.0057" asserts="0" success="True" result="Success" executed="True" />
                  <test-case description="Has correct [mandatory] value" name="Test help for Get-SqlServerAgentAlert.Parameter SqlInstance.Has correct [mandatory] value" time="0.0031" asserts="0" success="True" result="Success" executed="True" />
                  <test-case description="Has correct parameter type" name="Test help for Get-SqlServerAgentAlert.Parameter SqlInstance.Has correct parameter type" time="0.0036" asserts="0" success="True" result="Success" executed="True" />
                </results>
              </test-suite>
              <test-case description="Help is not auto-generated" name="Test help for Get-SqlServerAgentAlert.Help is not auto-generated" time="0.0066" asserts="0" success="True" result="Success" executed="True" />
              <test-case description="Has description" name="Test help for Get-SqlServerAgentAlert.Has description" time="0.0044" asserts="0" success="True" result="Success" executed="True" />
              <test-case description="Has example code" name="Test help for Get-SqlServerAgentAlert.Has example code" time="0.0038" asserts="0" success="True" result="Success" executed="True" />
              <test-case description="Has example help" name="Test help for Get-SqlServerAgentAlert.Has example help" time="0.0028" asserts="0" success="True" result="Success" executed="True" />
            </results>
          </test-suite>
          <test-suite type="TestFixture" name="Test help for Get-SqlServerAgentOperator" executed="True" result="Success" success="True" time="8.4022" asserts="0" description="Test help for Get-SqlServerAgentOperator">
            <results>
              <test-suite type="TestFixture" name="Test help for Get-SqlServerAgentOperator.Parameter ScanDateUTC" executed="True" result="Success" success="True" time="0.1298" asserts="0" description="Test help for Get-SqlServerAgentOperator.Parameter ScanDateUTC">
                <results>
                  <test-case description="Has description" name="Test help for Get-SqlServerAgentOperator.Parameter ScanDateUTC.Has description" time="0.0063" asserts="0" success="True" result="Success" executed="True" />
                  <test-case description="Has correct [mandatory] value" name="Test help for Get-SqlServerAgentOperator.Parameter ScanDateUTC.Has correct [mandatory] value" time="0.0048" asserts="0" success="True" result="Success" executed="True" />
                  <test-case description="Has correct parameter type" name="Test help for Get-SqlServerAgentOperator.Parameter ScanDateUTC.Has correct parameter type" time="0.0072" asserts="0" success="True" result="Success" executed="True" />
                </results>
              </test-suite>
              <test-suite type="TestFixture" name="Test help for Get-SqlServerAgentOperator.Parameter SqlCredential" executed="True" result="Success" success="True" time="0.2111" asserts="0" description="Test help for Get-SqlServerAgentOperator.Parameter SqlCredential">
                <results>
                  <test-case description="Has description" name="Test help for Get-SqlServerAgentOperator.Parameter SqlCredential.Has description" time="0.0048" asserts="0" success="True" result="Success" executed="True" />
                  <test-case description="Has correct [mandatory] value" name="Test help for Get-SqlServerAgentOperator.Parameter SqlCredential.Has correct [mandatory] value" time="0.0029" asserts="0" success="True" result="Success" executed="True" />
                  <test-case description="Has correct parameter type" name="Test help for Get-SqlServerAgentOperator.Parameter SqlCredential.Has correct parameter type" time="0.0028" asserts="0" success="True" result="Success" executed="True" />
                </results>
              </test-suite>
              <test-suite type="TestFixture" name="Test help for Get-SqlServerAgentOperator.Parameter SqlInstance" executed="True" result="Success" success="True" time="0.3008" asserts="0" description="Test help for Get-SqlServerAgentOperator.Parameter SqlInstance">
                <results>
                  <test-case description="Has description" name="Test help for Get-SqlServerAgentOperator.Parameter SqlInstance.Has description" time="0.005" asserts="0" success="True" result="Success" executed="True" />
                  <test-case description="Has correct [mandatory] value" name="Test help for Get-SqlServerAgentOperator.Parameter SqlInstance.Has correct [mandatory] value" time="0.0037" asserts="0" success="True" result="Success" executed="True" />
                  <test-case description="Has correct parameter type" name="Test help for Get-SqlServerAgentOperator.Parameter SqlInstance.Has correct parameter type" time="0.0039" asserts="0" success="True" result="Success" executed="True" />
                </results>
              </test-suite>
              <test-case description="Help is not auto-generated" name="Test help for Get-SqlServerAgentOperator.Help is not auto-generated" time="0.0093" asserts="0" success="True" result="Success" executed="True" />
              <test-case description="Has description" name="Test help for Get-SqlServerAgentOperator.Has description" time="0.0026" asserts="0" success="True" result="Success" executed="True" />
              <test-case description="Has example code" name="Test help for Get-SqlServerAgentOperator.Has example code" time="0.0027" asserts="0" success="True" result="Success" executed="True" />
              <test-case description="Has example help" name="Test help for Get-SqlServerAgentOperator.Has example help" time="0.0027" asserts="0" success="True" result="Success" executed="True" />
            </results>
          </test-suite>
          <test-suite type="TestFixture" name="Test help for Get-SqlServerAgentSchedule" executed="True" result="Success" success="True" time="8.7469" asserts="0" description="Test help for Get-SqlServerAgentSchedule">
            <results>
              <test-suite type="TestFixture" name="Test help for Get-SqlServerAgentSchedule.Parameter ScanDateUTC" executed="True" result="Success" success="True" time="0.1002" asserts="0" description="Test help for Get-SqlServerAgentSchedule.Parameter ScanDateUTC">
                <results>
                  <test-case description="Has description" name="Test help for Get-SqlServerAgentSchedule.Parameter ScanDateUTC.Has description" time="0.005" asserts="0" success="True" result="Success" executed="True" />
                  <test-case description="Has correct [mandatory] value" name="Test help for Get-SqlServerAgentSchedule.Parameter ScanDateUTC.Has correct [mandatory] value" time="0.0035" asserts="0" success="True" result="Success" executed="True" />
                  <test-case description="Has correct parameter type" name="Test help for Get-SqlServerAgentSchedule.Parameter ScanDateUTC.Has correct parameter type" time="0.0029" asserts="0" success="True" result="Success" executed="True" />
                </results>
              </test-suite>
              <test-suite type="TestFixture" name="Test help for Get-SqlServerAgentSchedule.Parameter SqlCredential" executed="True" result="Success" success="True" time="0.1821" asserts="0" description="Test help for Get-SqlServerAgentSchedule.Parameter SqlCredential">
                <results>
                  <test-case description="Has description" name="Test help for Get-SqlServerAgentSchedule.Parameter SqlCredential.Has description" time="0.0051" asserts="0" success="True" result="Success" executed="True" />
                  <test-case description="Has correct [mandatory] value" name="Test help for Get-SqlServerAgentSchedule.Parameter SqlCredential.Has correct [mandatory] value" time="0.0067" asserts="0" success="True" result="Success" executed="True" />
                  <test-case description="Has correct parameter type" name="Test help for Get-SqlServerAgentSchedule.Parameter SqlCredential.Has correct parameter type" time="0.0034" asserts="0" success="True" result="Success" executed="True" />
                </results>
              </test-suite>
              <test-suite type="TestFixture" name="Test help for Get-SqlServerAgentSchedule.Parameter SqlInstance" executed="True" result="Success" success="True" time="0.2737" asserts="0" description="Test help for Get-SqlServerAgentSchedule.Parameter SqlInstance">
                <results>
                  <test-case description="Has description" name="Test help for Get-SqlServerAgentSchedule.Parameter SqlInstance.Has description" time="0.007" asserts="0" success="True" result="Success" executed="True" />
                  <test-case description="Has correct [mandatory] value" name="Test help for Get-SqlServerAgentSchedule.Parameter SqlInstance.Has correct [mandatory] value" time="0.0035" asserts="0" success="True" result="Success" executed="True" />
                  <test-case description="Has correct parameter type" name="Test help for Get-SqlServerAgentSchedule.Parameter SqlInstance.Has correct parameter type" time="0.0098" asserts="0" success="True" result="Success" executed="True" />
                </results>
              </test-suite>
              <test-case description="Help is not auto-generated" name="Test help for Get-SqlServerAgentSchedule.Help is not auto-generated" time="0.0088" asserts="0" success="True" result="Success" executed="True" />
              <test-case description="Has description" name="Test help for Get-SqlServerAgentSchedule.Has description" time="0.0025" asserts="0" success="True" result="Success" executed="True" />
              <test-case description="Has example code" name="Test help for Get-SqlServerAgentSchedule.Has example code" time="0.0026" asserts="0" success="True" result="Success" executed="True" />
              <test-case description="Has example help" name="Test help for Get-SqlServerAgentSchedule.Has example help" time="0.003" asserts="0" success="True" result="Success" executed="True" />
            </results>
          </test-suite>
        </results>
      </test-suite>
      <test-suite type="TestFixture" name="C:\Users\darin\repo\ashdar\ScienceOven\tests\Manifest.tests.ps1" executed="True" result="Ignored" success="True" time="0.5443" asserts="0" description="C:\Users\darin\repo\ashdar\ScienceOven\tests\Manifest.tests.ps1">
        <results>
          <test-suite type="TestFixture" name="Module manifest" executed="True" result="Success" success="True" time="0.1911" asserts="0" description="Module manifest">
            <results>
              <test-suite type="TestFixture" name="Module manifest.Validation" executed="True" result="Success" success="True" time="0.1194" asserts="0" description="Module manifest.Validation">
                <results>
                  <test-case description="Has a valid manifest" name="Module manifest.Validation.Has a valid manifest" time="0.0058" asserts="0" success="True" result="Success" executed="True" />
                  <test-case description="Has a valid name in the manifest" name="Module manifest.Validation.Has a valid name in the manifest" time="0.0027" asserts="0" success="True" result="Success" executed="True" />
                  <test-case description="Has a valid root module" name="Module manifest.Validation.Has a valid root module" time="0.0027" asserts="0" success="True" result="Success" executed="True" />
                  <test-case description="Has a valid version in the manifest" name="Module manifest.Validation.Has a valid version in the manifest" time="0.0026" asserts="0" success="True" result="Success" executed="True" />
                  <test-case description="Has a valid description" name="Module manifest.Validation.Has a valid description" time="0.0042" asserts="0" success="True" result="Success" executed="True" />
                  <test-case description="Has a valid author" name="Module manifest.Validation.Has a valid author" time="0.0038" asserts="0" success="True" result="Success" executed="True" />
                  <test-case description="Has a valid guid" name="Module manifest.Validation.Has a valid guid" time="0.009" asserts="0" success="True" result="Success" executed="True" />
                  <test-case description="Has a valid copyright" name="Module manifest.Validation.Has a valid copyright" time="0.0035" asserts="0" success="True" result="Success" executed="True" />
                  <test-case description="Has a valid version in the changelog" name="Module manifest.Validation.Has a valid version in the changelog" time="0.0058" asserts="0" success="True" result="Success" executed="True" />
                  <test-case description="Changelog and manifest versions are the same" name="Module manifest.Validation.Changelog and manifest versions are the same" time="0.0043" asserts="0" success="True" result="Success" executed="True" />
                </results>
              </test-suite>
            </results>
          </test-suite>
          <test-suite type="TestFixture" name="Git tagging" executed="True" result="Ignored" success="True" time="0.2596" asserts="0" description="Git tagging">
            <results>
              <test-case description="Is tagged with a valid version" name="Git tagging.Is tagged with a valid version" time="0.0035" asserts="0" success="False" result="Ignored" executed="False" />
              <test-case description="Matches manifest version" name="Git tagging.Matches manifest version" time="0.0017" asserts="0" success="False" result="Ignored" executed="False" />
            </results>
          </test-suite>
        </results>
      </test-suite>
      <test-suite type="TestFixture" name="C:\Users\darin\repo\ashdar\ScienceOven\tests\Meta.tests.ps1" executed="True" result="Success" success="True" time="0.5035" asserts="0" description="C:\Users\darin\repo\ashdar\ScienceOven\tests\Meta.tests.ps1">
        <results>
          <test-suite type="TestFixture" name="Text files formatting" executed="True" result="Success" success="True" time="0.2048" asserts="0" description="Text files formatting">
            <results>
              <test-suite type="TestFixture" name="Text files formatting.File encoding" executed="True" result="Success" success="True" time="0.0676" asserts="0" description="Text files formatting.File encoding">
                <results>
                  <test-case description="No text file uses Unicode/UTF-16 encoding" name="Text files formatting.File encoding.No text file uses Unicode/UTF-16 encoding" time="0.0111" asserts="0" success="True" result="Success" executed="True" />
                </results>
              </test-suite>
              <test-suite type="TestFixture" name="Text files formatting.Indentations" executed="True" result="Success" success="True" time="0.1384" asserts="0" description="Text files formatting.Indentations">
                <results>
                  <test-case description="No text file use tabs for indentations" name="Text files formatting.Indentations.No text file use tabs for indentations" time="0.0056" asserts="0" success="True" result="Success" executed="True" />
                </results>
              </test-suite>
            </results>
          </test-suite>
        </results>
      </test-suite>
    </results>
  </test-suite>
</test-results>